./logs/12-May-25 18:22:40::__main__::INFO::{'positions': ['Data Scientist', 'Software Engineer', 'Junior Software Developer', 'Blockchain Engineer', 'React Engineer', 'SaaS Intern', 'Blockchain Developer', 'Engineer', 'Full Stack', None, None], 'locations': ['Remote', 'Miami Beach Florida', 'Miami Florida', 'Fort Lauderdale Florida', 'West Palm Beach Florida', 'Boca Raton Florida', 'Delray Beach Florida', 'Boynton Beach Florida', 'Lake Worth Florida', 'Palm Beach Gardens Florida', 'Orlando Florida', 'Tampa Florida', 'St. Petersburg Florida', 'Clearwater Florida', 'Sarasota Florida', 'Naples Florida', 'Fort Myers Florida', 'New York City New York', 'San Francisco California', 'Los Angeles California', 'Chicago Illinois', 'Boston Massachusetts', 'Seattle Washington', 'Austin Texas', None], 'Resume': '/Users/jonathangan/Desktop/Personal/Resume-Revison.docx', 'Cover Letter': '/Users/jonathangan/Desktop/Personal/CoverLetter.pdf', 'Photo': '/Users/jonathangan/Desktop/profilepic.jpg', 'blacklist': ['CyberCoders', 'Jobot']}
./logs/12-May-25 18:22:40::__main__::INFO::Welcome to Easy Apply Bot
./logs/12-May-25 18:22:40::__main__::INFO::current directory is : /Users/jonathangan/Desktop/Code/LinkedinBot
./logs/12-May-25 18:22:40::__main__::INFO::0 jobIDs found
./logs/12-May-25 18:22:43::__main__::INFO::Logging in.....Please wait :)  
./logs/12-May-25 18:22:59::__main__::INFO::Applying to Junior Software Developer: Tampa Florida
./logs/12-May-25 18:22:59::__main__::INFO::Looking for jobs.. Please wait..
./logs/12-May-25 18:23:05::__main__::INFO::Lock avoided.
./logs/12-May-25 18:23:26::__main__::INFO::Looking for jobs.. Please wait..
./logs/12-May-25 18:23:26::__main__::INFO::599.0 minutes left in this search
./logs/12-May-25 18:23:26::__main__::DEBUG::Sleeping for 3.5
./logs/12-May-25 18:24:04::__main__::INFO::Clicking the EASY apply button
./logs/12-May-25 18:24:04::__main__::INFO::Message: element not interactable
  (Session info: chrome=136.0.7103.93)
Stacktrace:
0   chromedriver                        0x00000001045983bc cxxbridge1$str$ptr + 2829900
1   chromedriver                        0x0000000104590684 cxxbridge1$str$ptr + 2797844
2   chromedriver                        0x00000001040cde30 cxxbridge1$string$len + 89744
3   chromedriver                        0x00000001041161e0 cxxbridge1$string$len + 385600
4   chromedriver                        0x000000010410af14 cxxbridge1$string$len + 339828
5   chromedriver                        0x000000010410a9a0 cxxbridge1$string$len + 338432
6   chromedriver                        0x0000000104156044 cxxbridge1$string$len + 647332
7   chromedriver                        0x00000001041093f8 cxxbridge1$string$len + 332888
8   chromedriver                        0x000000010455c7e0 cxxbridge1$str$ptr + 2585200
9   chromedriver                        0x000000010455fab0 cxxbridge1$str$ptr + 2598208
10  chromedriver                        0x000000010453ddb4 cxxbridge1$str$ptr + 2459716
11  chromedriver                        0x0000000104560328 cxxbridge1$str$ptr + 2600376
12  chromedriver                        0x000000010452f640 cxxbridge1$str$ptr + 2400464
13  chromedriver                        0x000000010458028c cxxbridge1$str$ptr + 2731292
14  chromedriver                        0x0000000104580418 cxxbridge1$str$ptr + 2731688
15  chromedriver                        0x00000001045902d0 cxxbridge1$str$ptr + 2796896
16  libsystem_pthread.dylib             0x000000018b056c0c _pthread_start + 136
17  libsystem_pthread.dylib             0x000000018b051b80 thread_start + 8

./logs/12-May-25 18:24:04::__main__::INFO::598.0 minutes left in this search
./logs/12-May-25 18:24:04::__main__::DEBUG::Sleeping for 3.6
