./logs/12-May-25 20:58:50::__main__::INFO::{'headless': False, 'positions': ['Data Scientist', 'Software Engineer', 'Junior Software Developer', 'Blockchain Engineer', 'React Engineer', 'SaaS Intern', 'Blockchain Developer', 'Engineer', 'Full Stack', 'Frontend Engineer', 'Backend Engineer', 'Rust Engineer', 'Solana Engineer', 'Full Stack Engineer', None, None], 'locations': ['Remote', 'Miami Beach Florida', 'Miami Florida', 'Fort Lauderdale Florida', 'West Palm Beach Florida', 'Boca Raton Florida', 'Delray Beach Florida', 'Boynton Beach Florida', 'Lake Worth Florida', 'Palm Beach Gardens Florida', 'Orlando Florida', 'Tampa Florida', 'St. Petersburg Florida', 'Clearwater Florida', 'Sarasota Florida', 'Naples Florida', 'Fort Myers Florida', 'New York City New York', 'San Francisco California', 'Los Angeles California', 'Chicago Illinois', 'Boston Massachusetts', 'Seattle Washington', 'Austin Texas', None], 'Resume': '/Users/jonathangan/Desktop/Personal/Resume-Revison.docx', 'Cover Letter': '/Users/jonathangan/Desktop/Personal/CoverLetter.pdf', 'Photo': '/Users/jonathangan/Desktop/profilepic.jpg', 'blacklist': ['CyberCoders', 'Jobot']}
./logs/12-May-25 20:58:50::__main__::INFO::Welcome to Easy Apply Bot
./logs/12-May-25 20:58:50::__main__::INFO::current directory is : /Users/jonathangan/Desktop/Code/LinkedinBot
./logs/12-May-25 20:58:50::__main__::INFO::Please wait while we prepare the bot for you
./logs/12-May-25 20:58:50::__main__::INFO::72 jobIDs found
./logs/12-May-25 20:58:56::__main__::INFO::Could not maximize window: Message: unknown error: JavaScript code failed
from unknown command: 'Runtime.evaluate' wasn't found
  (Session info: chrome=136.0.7103.93)
Stacktrace:
0   undetected_chromedriver             0x000000010473d8b8 undetected_chromedriver + 5986488
1   undetected_chromedriver             0x00000001047349ea undetected_chromedriver + 5949930
2   undetected_chromedriver             0x00000001041ed600 undetected_chromedriver + 415232
3   undetected_chromedriver             0x00000001041d4492 undetected_chromedriver + 312466
4   undetected_chromedriver             0x00000001041d2e98 undetected_chromedriver + 306840
5   undetected_chromedriver             0x00000001041d35ff undetected_chromedriver + 308735
6   undetected_chromedriver             0x0000000104201b04 undetected_chromedriver + 498436
7   undetected_chromedriver             0x00000001041f6891 undetected_chromedriver + 452753
8   undetected_chromedriver             0x00000001041f6788 undetected_chromedriver + 452488
9   undetected_chromedriver             0x00000001041c5346 undetected_chromedriver + 250694
10  undetected_chromedriver             0x00000001041c37ce undetected_chromedriver + 243662
11  undetected_chromedriver             0x00000001042a13d7 undetected_chromedriver + 1151959
12  undetected_chromedriver             0x0000000104265312 undetected_chromedriver + 906002
13  undetected_chromedriver             0x000000010428c566 undetected_chromedriver + 1066342
14  undetected_chromedriver             0x00000001042650e3 undetected_chromedriver + 905443
15  undetected_chromedriver             0x000000010423161d undetected_chromedriver + 693789
16  undetected_chromedriver             0x0000000104232281 undetected_chromedriver + 696961
17  undetected_chromedriver             0x00000001046fb580 undetected_chromedriver + 5715328
18  undetected_chromedriver             0x00000001046ff445 undetected_chromedriver + 5731397
19  undetected_chromedriver             0x00000001046d5ed0 undetected_chromedriver + 5562064
20  undetected_chromedriver             0x00000001046ffe7b undetected_chromedriver + 5734011
21  undetected_chromedriver             0x00000001046c4de4 undetected_chromedriver + 5492196
22  undetected_chromedriver             0x0000000104722a98 undetected_chromedriver + 5876376
23  undetected_chromedriver             0x0000000104722c60 undetected_chromedriver + 5876832
24  undetected_chromedriver             0x00000001047345b1 undetected_chromedriver + 5948849
25  libsystem_pthread.dylib             0x00007ff806f26df1 _pthread_start + 99
26  libsystem_pthread.dylib             0x00007ff806f22857 thread_start + 15

./logs/12-May-25 20:58:56::__main__::INFO::Logging in.....Please wait :)  
./logs/12-May-25 20:59:14::__main__::INFO::Bot initialization complete.
./logs/12-May-25 20:59:14::__main__::INFO::Applying to Blockchain Developer: Boston Massachusetts
./logs/12-May-25 20:59:14::__main__::INFO::Looking for jobs.. Please wait..
./logs/12-May-25 20:59:17::__main__::INFO::Lock avoided.
./logs/12-May-25 20:59:38::__main__::INFO::Looking for jobs.. Please wait..
./logs/12-May-25 20:59:38::__main__::INFO::599.0 minutes left in this search
./logs/12-May-25 20:59:38::__main__::DEBUG::Sleeping for 4.8
./logs/12-May-25 21:00:19::__main__::INFO::Clicking the EASY apply button
./logs/12-May-25 21:00:24::__main__::INFO::Finished processing questions.
./logs/12-May-25 21:00:26::__main__::INFO::Finished processing questions.
./logs/12-May-25 21:00:31::__main__::INFO::Finished processing questions.
./logs/12-May-25 21:00:36::__main__::INFO::Application Submitted
./logs/12-May-25 21:00:37::__main__::INFO::
Position 1:
 (25) Go Blockchain Engineer - Contract | Oliver Bernard | LinkedIn 
 * has Easy Apply Button 

./logs/12-May-25 21:00:52::__main__::INFO::Clicking the EASY apply button
./logs/12-May-25 21:00:56::__main__::INFO::Finished processing questions.
./logs/12-May-25 21:00:59::__main__::INFO::Finished processing questions.
./logs/12-May-25 21:01:04::__main__::INFO::Finished processing questions.
./logs/12-May-25 21:01:06::__main__::INFO::Finished processing questions.
./logs/12-May-25 21:01:08::__main__::INFO::Finished processing questions.
./logs/12-May-25 21:01:10::__main__::INFO::Finished processing questions.
./logs/12-May-25 21:01:12::__main__::INFO::Finished processing questions.
./logs/12-May-25 21:01:14::__main__::INFO::Finished processing questions.
./logs/12-May-25 21:01:16::__main__::INFO::Finished processing questions.
./logs/12-May-25 21:01:18::__main__::INFO::Finished processing questions.
./logs/12-May-25 21:01:21::__main__::INFO::Finished processing questions.
./logs/12-May-25 21:01:23::__main__::INFO::Finished processing questions.
./logs/12-May-25 21:01:25::__main__::INFO::Finished processing questions.
./logs/12-May-25 21:01:27::__main__::INFO::Finished processing questions.
./logs/12-May-25 21:01:29::__main__::INFO::Finished processing questions.
./logs/12-May-25 21:01:31::__main__::INFO::Finished processing questions.
./logs/12-May-25 21:01:33::__main__::INFO::Finished processing questions.
./logs/12-May-25 21:01:35::__main__::INFO::Finished processing questions.
./logs/12-May-25 21:01:37::__main__::INFO::Finished processing questions.
./logs/12-May-25 21:01:39::__main__::INFO::Finished processing questions.
./logs/12-May-25 21:01:41::__main__::INFO::Finished processing questions.
./logs/12-May-25 21:01:43::__main__::INFO::Finished processing questions.
./logs/12-May-25 21:01:45::__main__::INFO::Finished processing questions.
./logs/12-May-25 21:01:47::__main__::INFO::Finished processing questions.
./logs/12-May-25 21:01:48::__main__::INFO::Finished processing questions.
./logs/12-May-25 21:01:51::__main__::INFO::Finished processing questions.
./logs/12-May-25 21:01:53::__main__::INFO::Finished processing questions.
./logs/12-May-25 21:01:54::__main__::INFO::Finished processing questions.
./logs/12-May-25 21:01:57::__main__::INFO::Finished processing questions.
./logs/12-May-25 21:01:59::__main__::INFO::Application Submitted
./logs/12-May-25 21:02:01::__main__::INFO::
Position 2:
 (25) Senior Solana Developer - Blockchain team | Crypto.com | LinkedIn 
 * has Easy Apply Button 

./logs/12-May-25 21:02:16::__main__::INFO::Clicking the EASY apply button
./logs/12-May-25 21:02:21::__main__::INFO::Finished processing questions.
./logs/12-May-25 21:02:23::__main__::INFO::Finished processing questions.
./logs/12-May-25 21:02:29::__main__::INFO::Finished processing questions.
./logs/12-May-25 21:02:31::__main__::INFO::Finished processing questions.
./logs/12-May-25 21:02:33::__main__::INFO::Finished processing questions.
./logs/12-May-25 21:02:34::__main__::INFO::Finished processing questions.
./logs/12-May-25 21:02:36::__main__::INFO::Finished processing questions.
./logs/12-May-25 21:02:38::__main__::INFO::Finished processing questions.
./logs/12-May-25 21:02:40::__main__::INFO::Finished processing questions.
./logs/12-May-25 21:02:43::__main__::INFO::Finished processing questions.
./logs/12-May-25 21:02:44::__main__::INFO::Finished processing questions.
./logs/12-May-25 21:02:47::__main__::INFO::Finished processing questions.
./logs/12-May-25 21:02:49::__main__::INFO::Finished processing questions.
./logs/12-May-25 21:02:51::__main__::INFO::Finished processing questions.
./logs/12-May-25 21:02:53::__main__::INFO::Finished processing questions.
./logs/12-May-25 21:02:55::__main__::INFO::Finished processing questions.
./logs/12-May-25 21:02:57::__main__::INFO::Finished processing questions.
./logs/12-May-25 21:02:59::__main__::INFO::Finished processing questions.
./logs/12-May-25 21:03:01::__main__::INFO::Finished processing questions.
./logs/12-May-25 21:03:03::__main__::INFO::Finished processing questions.
./logs/12-May-25 21:03:05::__main__::INFO::Finished processing questions.
./logs/12-May-25 21:03:07::__main__::INFO::Finished processing questions.
./logs/12-May-25 21:03:08::__main__::INFO::Finished processing questions.
./logs/12-May-25 21:03:11::__main__::INFO::Finished processing questions.
./logs/12-May-25 21:03:13::__main__::INFO::Finished processing questions.
./logs/12-May-25 21:03:15::__main__::INFO::Finished processing questions.
./logs/12-May-25 21:03:18::__main__::INFO::Finished processing questions.
./logs/12-May-25 21:03:20::__main__::INFO::Finished processing questions.
./logs/12-May-25 21:03:22::__main__::INFO::Finished processing questions.
./logs/12-May-25 21:03:24::__main__::INFO::Finished processing questions.
./logs/12-May-25 21:03:26::__main__::INFO::Finished processing questions.
./logs/12-May-25 21:03:28::__main__::INFO::Finished processing questions.
./logs/12-May-25 21:03:30::__main__::INFO::Finished processing questions.
./logs/12-May-25 21:03:32::__main__::INFO::Finished processing questions.
./logs/12-May-25 21:03:36::__main__::INFO::Application Submitted
./logs/12-May-25 21:03:38::__main__::INFO::
Position 3:
 (25) Sr. Rust Smart Contract Developer (Financial Applications) | Taoshi | LinkedIn 
 * has Easy Apply Button 

./logs/12-May-25 21:03:38::__main__::INFO::****************************************


                        Going to next jobs page, YEAAAHHH!!
                        ****************************************


./logs/12-May-25 21:03:42::__main__::INFO::Lock avoided.
./logs/12-May-25 21:04:03::__main__::INFO::595.0 minutes left in this search
./logs/12-May-25 21:04:03::__main__::DEBUG::Sleeping for 4.2
./logs/12-May-25 21:04:43::__main__::INFO::Clicking the EASY apply button
./logs/12-May-25 21:04:48::__main__::INFO::Finished processing questions.
./logs/12-May-25 21:04:50::__main__::INFO::Finished processing questions.
./logs/12-May-25 21:04:54::__main__::INFO::Finished processing questions.
./logs/12-May-25 21:04:57::__main__::INFO::Finished processing questions.
./logs/12-May-25 21:05:01::__main__::INFO::Application Submitted
./logs/12-May-25 21:05:03::__main__::INFO::
Position 26:
 (25) Software Engineer Entry-Level | Xelovate | LinkedIn 
 * has Easy Apply Button 

