./logs/12-May-25 20:47:46::__main__::INFO::{'headless': False, 'positions': ['Data Scientist', 'Software Engineer', 'Junior Software Developer', 'Blockchain Engineer', 'React Engineer', 'SaaS Intern', 'Blockchain Developer', 'Engineer', 'Full Stack', 'Frontend Engineer', 'Backend Engineer', 'Rust Engineer', 'Solana Engineer', 'Full Stack Engineer', None, None], 'locations': ['Remote', 'Miami Beach Florida', 'Miami Florida', 'Fort Lauderdale Florida', 'West Palm Beach Florida', 'Boca Raton Florida', 'Delray Beach Florida', 'Boynton Beach Florida', 'Lake Worth Florida', 'Palm Beach Gardens Florida', 'Orlando Florida', 'Tampa Florida', 'St. Petersburg Florida', 'Clearwater Florida', 'Sarasota Florida', 'Naples Florida', 'Fort Myers Florida', 'New York City New York', 'San Francisco California', 'Los Angeles California', 'Chicago Illinois', 'Boston Massachusetts', 'Seattle Washington', 'Austin Texas', None], 'Resume': '/Users/jonathangan/Desktop/Personal/Resume-Revison.docx', 'Cover Letter': '/Users/jonathangan/Desktop/Personal/CoverLetter.pdf', 'Photo': '/Users/jonathangan/Desktop/profilepic.jpg', 'blacklist': ['CyberCoders', 'Jobot']}
./logs/12-May-25 20:47:46::__main__::INFO::Welcome to Easy Apply Bot
./logs/12-May-25 20:47:46::__main__::INFO::current directory is : /Users/jonathangan/Desktop/Code/LinkedinBot
./logs/12-May-25 20:47:46::__main__::INFO::Please wait while we prepare the bot for you
./logs/12-May-25 20:47:46::__main__::INFO::64 jobIDs found
./logs/12-May-25 20:47:56::__main__::INFO::Could not maximize window: Message: unknown error: JavaScript code failed
from unknown command: 'Runtime.evaluate' wasn't found
  (Session info: chrome=136.0.7103.93)
Stacktrace:
0   undetected_chromedriver             0x0000000100de18b8 undetected_chromedriver + 5986488
1   undetected_chromedriver             0x0000000100dd89ea undetected_chromedriver + 5949930
2   undetected_chromedriver             0x0000000100891600 undetected_chromedriver + 415232
3   undetected_chromedriver             0x0000000100878492 undetected_chromedriver + 312466
4   undetected_chromedriver             0x0000000100876e98 undetected_chromedriver + 306840
5   undetected_chromedriver             0x00000001008775ff undetected_chromedriver + 308735
6   undetected_chromedriver             0x00000001008a5b04 undetected_chromedriver + 498436
7   undetected_chromedriver             0x000000010089a891 undetected_chromedriver + 452753
8   undetected_chromedriver             0x000000010089a788 undetected_chromedriver + 452488
9   undetected_chromedriver             0x0000000100869346 undetected_chromedriver + 250694
10  undetected_chromedriver             0x00000001008677ce undetected_chromedriver + 243662
11  undetected_chromedriver             0x00000001009453d7 undetected_chromedriver + 1151959
12  undetected_chromedriver             0x0000000100909312 undetected_chromedriver + 906002
13  undetected_chromedriver             0x0000000100930566 undetected_chromedriver + 1066342
14  undetected_chromedriver             0x00000001009090e3 undetected_chromedriver + 905443
15  undetected_chromedriver             0x00000001008d561d undetected_chromedriver + 693789
16  undetected_chromedriver             0x00000001008d6281 undetected_chromedriver + 696961
17  undetected_chromedriver             0x0000000100d9f580 undetected_chromedriver + 5715328
18  undetected_chromedriver             0x0000000100da3445 undetected_chromedriver + 5731397
19  undetected_chromedriver             0x0000000100d79ed0 undetected_chromedriver + 5562064
20  undetected_chromedriver             0x0000000100da3e7b undetected_chromedriver + 5734011
21  undetected_chromedriver             0x0000000100d68de4 undetected_chromedriver + 5492196
22  undetected_chromedriver             0x0000000100dc6a98 undetected_chromedriver + 5876376
23  undetected_chromedriver             0x0000000100dc6c60 undetected_chromedriver + 5876832
24  undetected_chromedriver             0x0000000100dd85b1 undetected_chromedriver + 5948849
25  libsystem_pthread.dylib             0x00007ff806f26df1 _pthread_start + 99
26  libsystem_pthread.dylib             0x00007ff806f22857 thread_start + 15

./logs/12-May-25 20:47:56::__main__::INFO::Logging in.....Please wait :)  
./logs/12-May-25 20:48:14::__main__::INFO::Bot initialization complete.
./logs/12-May-25 20:48:14::__main__::INFO::Applying to Solana Engineer: St. Petersburg Florida
./logs/12-May-25 20:48:14::__main__::INFO::Looking for jobs.. Please wait..
./logs/12-May-25 20:48:17::__main__::INFO::Lock avoided.
./logs/12-May-25 20:48:38::__main__::INFO::Looking for jobs.. Please wait..
./logs/12-May-25 20:48:38::__main__::INFO::599.0 minutes left in this search
./logs/12-May-25 20:48:38::__main__::DEBUG::Sleeping for 4.1
./logs/12-May-25 20:49:18::__main__::INFO::Clicking the EASY apply button
./logs/12-May-25 20:49:47::__main__::INFO::Application Submitted
./logs/12-May-25 20:49:48::__main__::INFO::
Position 1:
 (25) Argo Developer | LTIMindtree | LinkedIn 
 * has Easy Apply Button 

./logs/12-May-25 20:50:03::__main__::INFO::Clicking the EASY apply button
./logs/12-May-25 20:50:30::__main__::INFO::Application Submitted
./logs/12-May-25 20:50:32::__main__::INFO::
Position 2:
 (25) Backend Engineer, Solana | Trojan Trading | LinkedIn 
 * has Easy Apply Button 

./logs/12-May-25 20:50:47::__main__::INFO::Clicking the EASY apply button
./logs/12-May-25 20:51:08::__main__::INFO::Application Submitted
./logs/12-May-25 20:51:09::__main__::INFO::
Position 3:
 (25) 🔥 Senior TypeScript Engineer - AWS Serverless | Returned.com | LinkedIn 
 * has Easy Apply Button 

./logs/12-May-25 20:51:24::__main__::INFO::Clicking the EASY apply button
./logs/12-May-25 20:52:19::__main__::INFO::Application Submitted
./logs/12-May-25 20:52:21::__main__::INFO::
Position 4:
 (25) Principal Software Engineer | Experian | LinkedIn 
 * has Easy Apply Button 

./logs/12-May-25 20:52:36::__main__::INFO::Clicking the EASY apply button
./logs/12-May-25 20:53:32::__main__::INFO::Application Submitted
./logs/12-May-25 20:53:34::__main__::INFO::
Position 5:
 (25) Zscaler Technical Engineer | Thinkof | LinkedIn 
 * has Easy Apply Button 

./logs/12-May-25 20:53:48::__main__::INFO::Clicking the EASY apply button
./logs/12-May-25 20:54:49::__main__::INFO::Application Submitted
./logs/12-May-25 20:54:51::__main__::INFO::
Position 6:
 (25) Developer Advocate | CelerData | LinkedIn 
 * has Easy Apply Button 

./logs/12-May-25 20:54:51::__main__::INFO::****************************************


                        Going to next jobs page, YEAAAHHH!!
                        ****************************************


./logs/12-May-25 20:54:54::__main__::INFO::Lock avoided.
./logs/12-May-25 20:54:59::__main__::INFO::Message: no such window: target window already closed
from unknown error: web view not found
  (Session info: chrome=136.0.7103.93)
Stacktrace:
0   undetected_chromedriver             0x0000000100de18b8 undetected_chromedriver + 5986488
1   undetected_chromedriver             0x0000000100dd89ea undetected_chromedriver + 5949930
2   undetected_chromedriver             0x0000000100891600 undetected_chromedriver + 415232
3   undetected_chromedriver             0x0000000100866580 undetected_chromedriver + 238976
4   undetected_chromedriver             0x0000000100911898 undetected_chromedriver + 940184
5   undetected_chromedriver             0x000000010092ff2c undetected_chromedriver + 1064748
6   undetected_chromedriver             0x00000001009090e3 undetected_chromedriver + 905443
7   undetected_chromedriver             0x00000001008d561d undetected_chromedriver + 693789
8   undetected_chromedriver             0x00000001008d6281 undetected_chromedriver + 696961
9   undetected_chromedriver             0x0000000100d9f580 undetected_chromedriver + 5715328
10  undetected_chromedriver             0x0000000100da3445 undetected_chromedriver + 5731397
11  undetected_chromedriver             0x0000000100d79ed0 undetected_chromedriver + 5562064
12  undetected_chromedriver             0x0000000100da3e7b undetected_chromedriver + 5734011
13  undetected_chromedriver             0x0000000100d68de4 undetected_chromedriver + 5492196
14  undetected_chromedriver             0x0000000100dc6a98 undetected_chromedriver + 5876376
15  undetected_chromedriver             0x0000000100dc6c60 undetected_chromedriver + 5876832
16  undetected_chromedriver             0x0000000100dd85b1 undetected_chromedriver + 5948849
17  libsystem_pthread.dylib             0x00007ff806f26df1 _pthread_start + 99
18  libsystem_pthread.dylib             0x00007ff806f22857 thread_start + 15

./logs/12-May-25 20:54:59::__main__::INFO::593.0 minutes left in this search
./logs/12-May-25 20:54:59::__main__::DEBUG::Sleeping for 4.0
