./logs/12-May-25 18:15:45::__main__::INFO::{'positions': ['Data Scientist', 'Software Engineer', 'Junior Software Developer', 'Blockchain Engineer', 'React Engineer', 'SaaS Intern', 'Blockchain Developer', 'Engineer', 'Full Stack', None, None], 'locations': ['Remote', 'Miami Beach Florida', 'Miami Florida', 'Fort Lauderdale Florida', 'West Palm Beach Florida', 'Boca Raton Florida', 'Delray Beach Florida', 'Boynton Beach Florida', 'Lake Worth Florida', 'Palm Beach Gardens Florida', 'Orlando Florida', 'Tampa Florida', 'St. Petersburg Florida', 'Clearwater Florida', 'Sarasota Florida', 'Naples Florida', 'Fort Myers Florida', 'New York City New York', 'San Francisco California', 'Los Angeles California', 'Chicago Illinois', 'Boston Massachusetts', 'Seattle Washington', 'Austin Texas', None], 'Resume': '/Users/jonathangan/Desktop/Personal/Resume-Revison.docx', 'Cover Letter': '/Users/jonathangan/Desktop/Personal/CoverLetter.pdf', 'Photo': '/Users/jonathangan/Desktop/profilepic.jpg', 'blacklist': ['CyberCoders', 'Jobot']}
./logs/12-May-25 18:15:45::__main__::INFO::Welcome to Easy Apply Bot
./logs/12-May-25 18:15:45::__main__::INFO::current directory is : /Users/jonathangan/Desktop/Code/LinkedinBot
./logs/12-May-25 18:15:45::__main__::INFO::0 jobIDs found
./logs/12-May-25 18:15:47::__main__::INFO::Logging in.....Please wait :)  
./logs/12-May-25 18:16:06::__main__::INFO::Applying to Junior Software Developer: Lake Worth Florida
./logs/12-May-25 18:16:06::__main__::INFO::Looking for jobs.. Please wait..
./logs/12-May-25 18:16:11::__main__::INFO::Lock avoided.
./logs/12-May-25 18:16:32::__main__::INFO::Looking for jobs.. Please wait..
./logs/12-May-25 18:16:32::__main__::INFO::599.0 minutes left in this search
./logs/12-May-25 18:16:32::__main__::DEBUG::Sleeping for 3.6
./logs/12-May-25 18:16:56::__main__::INFO::Message: no such element: Unable to locate element: {"method":"css selector","selector":".jobs-search-results"}
  (Session info: chrome=136.0.7103.93); For documentation on this error, please visit: https://www.selenium.dev/documentation/webdriver/troubleshooting/errors#no-such-element-exception
Stacktrace:
0   chromedriver                        0x0000000102f2c3bc cxxbridge1$str$ptr + 2829900
1   chromedriver                        0x0000000102f24684 cxxbridge1$str$ptr + 2797844
2   chromedriver                        0x0000000102a61fbc cxxbridge1$string$len + 90140
3   chromedriver                        0x0000000102aa91bc cxxbridge1$string$len + 381468
4   chromedriver                        0x0000000102aea044 cxxbridge1$string$len + 647332
5   chromedriver                        0x0000000102a9d3f8 cxxbridge1$string$len + 332888
6   chromedriver                        0x0000000102ef07e0 cxxbridge1$str$ptr + 2585200
7   chromedriver                        0x0000000102ef3ab0 cxxbridge1$str$ptr + 2598208
8   chromedriver                        0x0000000102ed1db4 cxxbridge1$str$ptr + 2459716
9   chromedriver                        0x0000000102ef4328 cxxbridge1$str$ptr + 2600376
10  chromedriver                        0x0000000102ec3640 cxxbridge1$str$ptr + 2400464
11  chromedriver                        0x0000000102f1428c cxxbridge1$str$ptr + 2731292
12  chromedriver                        0x0000000102f14418 cxxbridge1$str$ptr + 2731688
13  chromedriver                        0x0000000102f242d0 cxxbridge1$str$ptr + 2796896
14  libsystem_pthread.dylib             0x000000018b056c0c _pthread_start + 136
15  libsystem_pthread.dylib             0x000000018b051b80 thread_start + 8

./logs/12-May-25 18:16:56::__main__::INFO::599.0 minutes left in this search
./logs/12-May-25 18:16:56::__main__::DEBUG::Sleeping for 4.2
