./logs/12-May-25 19:54:36::__main__::INFO::{'positions': ['Data Scientist', 'Software Engineer', 'Junior Software Developer', 'Blockchain Engineer', 'React Engineer', 'SaaS Intern', 'Blockchain Developer', 'Engineer', 'Full Stack', 'Frontend Engineer', 'Backend Engineer', 'Rust Engineer', 'Solana Engineer', 'Full Stack Engineer', None, None], 'locations': ['Remote', 'Miami Beach Florida', 'Miami Florida', 'Fort Lauderdale Florida', 'West Palm Beach Florida', 'Boca Raton Florida', 'Delray Beach Florida', 'Boynton Beach Florida', 'Lake Worth Florida', 'Palm Beach Gardens Florida', 'Orlando Florida', 'Tampa Florida', 'St. Petersburg Florida', 'Clearwater Florida', 'Sarasota Florida', 'Naples Florida', 'Fort Myers Florida', 'New York City New York', 'San Francisco California', 'Los Angeles California', 'Chicago Illinois', 'Boston Massachusetts', 'Seattle Washington', 'Austin Texas', None], 'Resume': '/Users/jonathangan/Desktop/Personal/Resume-Revison.docx', 'Cover Letter': '/Users/jonathangan/Desktop/Personal/CoverLetter.pdf', 'Photo': '/Users/jonathangan/Desktop/profilepic.jpg', 'blacklist': ['CyberCoders', 'Jobot']}
./logs/12-May-25 19:54:36::__main__::INFO::Welcome to Easy Apply Bot
./logs/12-May-25 19:54:36::__main__::INFO::current directory is : /Users/jonathangan/Desktop/Code/LinkedinBot
./logs/12-May-25 19:54:36::__main__::INFO::Please wait while we prepare the bot for you
./logs/12-May-25 19:54:36::__main__::INFO::45 jobIDs found
./logs/12-May-25 19:54:42::__main__::INFO::Could not maximize window: Message: unknown error: JavaScript code failed
from unknown command: 'Runtime.evaluate' wasn't found
  (Session info: chrome=136.0.7103.93)
Stacktrace:
0   undetected_chromedriver             0x00000001033bc8b8 undetected_chromedriver + 5986488
1   undetected_chromedriver             0x00000001033b39ea undetected_chromedriver + 5949930
2   undetected_chromedriver             0x0000000102e6c600 undetected_chromedriver + 415232
3   undetected_chromedriver             0x0000000102e53492 undetected_chromedriver + 312466
4   undetected_chromedriver             0x0000000102e51e98 undetected_chromedriver + 306840
5   undetected_chromedriver             0x0000000102e525ff undetected_chromedriver + 308735
6   undetected_chromedriver             0x0000000102e80b04 undetected_chromedriver + 498436
7   undetected_chromedriver             0x0000000102e75891 undetected_chromedriver + 452753
8   undetected_chromedriver             0x0000000102e75788 undetected_chromedriver + 452488
9   undetected_chromedriver             0x0000000102e44346 undetected_chromedriver + 250694
10  undetected_chromedriver             0x0000000102e427ce undetected_chromedriver + 243662
11  undetected_chromedriver             0x0000000102f203d7 undetected_chromedriver + 1151959
12  undetected_chromedriver             0x0000000102ee4312 undetected_chromedriver + 906002
13  undetected_chromedriver             0x0000000102f0b566 undetected_chromedriver + 1066342
14  undetected_chromedriver             0x0000000102ee40e3 undetected_chromedriver + 905443
15  undetected_chromedriver             0x0000000102eb061d undetected_chromedriver + 693789
16  undetected_chromedriver             0x0000000102eb1281 undetected_chromedriver + 696961
17  undetected_chromedriver             0x000000010337a580 undetected_chromedriver + 5715328
18  undetected_chromedriver             0x000000010337e445 undetected_chromedriver + 5731397
19  undetected_chromedriver             0x0000000103354ed0 undetected_chromedriver + 5562064
20  undetected_chromedriver             0x000000010337ee7b undetected_chromedriver + 5734011
21  undetected_chromedriver             0x0000000103343de4 undetected_chromedriver + 5492196
22  undetected_chromedriver             0x00000001033a1a98 undetected_chromedriver + 5876376
23  undetected_chromedriver             0x00000001033a1c60 undetected_chromedriver + 5876832
24  undetected_chromedriver             0x00000001033b35b1 undetected_chromedriver + 5948849
25  libsystem_pthread.dylib             0x00007ff806f26df1 _pthread_start + 99
26  libsystem_pthread.dylib             0x00007ff806f22857 thread_start + 15

./logs/12-May-25 19:54:42::__main__::INFO::Logging in.....Please wait :)  
./logs/12-May-25 19:55:01::__main__::INFO::Bot initialization complete.
./logs/12-May-25 19:55:01::__main__::INFO::Applying to Engineer: New York City New York
./logs/12-May-25 19:55:01::__main__::INFO::Looking for jobs.. Please wait..
./logs/12-May-25 19:55:05::__main__::INFO::Lock avoided.
./logs/12-May-25 19:55:25::__main__::INFO::Looking for jobs.. Please wait..
./logs/12-May-25 19:55:25::__main__::INFO::599.0 minutes left in this search
./logs/12-May-25 19:55:25::__main__::DEBUG::Sleeping for 4.0
./logs/12-May-25 19:56:06::__main__::INFO::Clicking the EASY apply button
./logs/12-May-25 19:56:26::__main__::INFO::Application Submitted
./logs/12-May-25 19:56:28::__main__::INFO::
Position 1:
 (25) Lead Front-End Engineer | Averity | LinkedIn 
 * has Easy Apply Button 

./logs/12-May-25 19:56:44::__main__::INFO::Clicking the EASY apply button
./logs/12-May-25 19:57:05::__main__::INFO::Application Submitted
./logs/12-May-25 19:57:07::__main__::INFO::
Position 2:
 (25) Founding Engineer | Glocap Tech | LinkedIn 
 * has Easy Apply Button 

./logs/12-May-25 19:57:23::__main__::INFO::Clicking the EASY apply button
./logs/12-May-25 19:57:41::__main__::INFO::Application Submitted
./logs/12-May-25 19:57:43::__main__::INFO::
Position 3:
 (25) Full Stack Founding Engineer | TEQ SEARCH | LinkedIn 
 * has Easy Apply Button 

./logs/12-May-25 19:57:58::__main__::INFO::Clicking the EASY apply button
./logs/12-May-25 19:58:36::__main__::INFO::Application Submitted
./logs/12-May-25 19:58:37::__main__::INFO::
Position 4:
 (25) Software Engineer | Morpheus Talent Solutions | LinkedIn 
 * has Easy Apply Button 

./logs/12-May-25 19:58:53::__main__::INFO::Clicking the EASY apply button
./logs/12-May-25 19:59:12::__main__::INFO::Application Submitted
./logs/12-May-25 19:59:14::__main__::INFO::
Position 5:
 (25) Staff Mobile Engineer (React Native) | Seer | LinkedIn 
 * has Easy Apply Button 

./logs/12-May-25 19:59:30::__main__::INFO::Clicking the EASY apply button
./logs/12-May-25 19:59:46::__main__::INFO::Application Submitted
./logs/12-May-25 19:59:49::__main__::INFO::
Position 6:
 (25) Full Stack Engineer - High Frequency Trading | NJF Global Holdings Ltd | LinkedIn 
 * has Easy Apply Button 

./logs/12-May-25 20:00:05::__main__::INFO::Clicking the EASY apply button
./logs/12-May-25 20:00:21::__main__::INFO::Application Submitted
./logs/12-May-25 20:00:23::__main__::INFO::
Position 7:
 (25) Full Stack Engineer | Reku | LinkedIn 
 * has Easy Apply Button 

./logs/12-May-25 20:00:23::__main__::INFO::****************************************


                        Going to next jobs page, YEAAAHHH!!
                        ****************************************


./logs/12-May-25 20:00:27::__main__::INFO::Lock avoided.
./logs/12-May-25 20:00:48::__main__::INFO::594.0 minutes left in this search
./logs/12-May-25 20:00:48::__main__::DEBUG::Sleeping for 4.8
