./logs/12-May-25 21:18:09::__main__::INFO::{'headless': False, 'positions': ['Data Scientist', 'Software Engineer', 'Junior Software Developer', 'Blockchain Engineer', 'React Engineer', 'SaaS Intern', 'Blockchain Developer', 'Engineer', 'Full Stack', 'Frontend Engineer', 'Backend Engineer', 'Rust Engineer', 'Solana Engineer', 'Full Stack Engineer', None, None], 'locations': ['Remote', 'Miami Beach Florida', 'Miami Florida', 'Fort Lauderdale Florida', 'West Palm Beach Florida', 'Boca Raton Florida', 'Delray Beach Florida', 'Boynton Beach Florida', 'Lake Worth Florida', 'Palm Beach Gardens Florida', 'Orlando Florida', 'Tampa Florida', 'St. Petersburg Florida', 'Clearwater Florida', 'Sarasota Florida', 'Naples Florida', 'Fort Myers Florida', 'New York City New York', 'San Francisco California', 'Los Angeles California', 'Chicago Illinois', 'Boston Massachusetts', 'Seattle Washington', 'Austin Texas', None], 'Resume': '/Users/jonathangan/Desktop/Personal/Resume-Revison.docx', 'Cover Letter': '/Users/jonathangan/Desktop/Personal/CoverLetter.pdf', 'Photo': '/Users/jonathangan/Desktop/profilepic.jpg', 'blacklist': ['CyberCoders', 'Jobot']}
./logs/12-May-25 21:18:09::__main__::INFO::Welcome to Easy Apply Bot
./logs/12-May-25 21:18:09::__main__::INFO::current directory is : /Users/jonathangan/Desktop/Code/LinkedinBot
./logs/12-May-25 21:18:09::__main__::INFO::Please wait while we prepare the bot for you
./logs/12-May-25 21:18:09::__main__::INFO::83 jobIDs found
./logs/12-May-25 21:18:19::__main__::INFO::Could not maximize window: Message: unknown error: JavaScript code failed
from unknown command: 'Runtime.evaluate' wasn't found
  (Session info: chrome=136.0.7103.93)
Stacktrace:
0   undetected_chromedriver             0x00000001015368b8 undetected_chromedriver + 5986488
1   undetected_chromedriver             0x000000010152d9ea undetected_chromedriver + 5949930
2   undetected_chromedriver             0x0000000100fe6600 undetected_chromedriver + 415232
3   undetected_chromedriver             0x0000000100fcd492 undetected_chromedriver + 312466
4   undetected_chromedriver             0x0000000100fcbe98 undetected_chromedriver + 306840
5   undetected_chromedriver             0x0000000100fcc5ff undetected_chromedriver + 308735
6   undetected_chromedriver             0x0000000100ffab04 undetected_chromedriver + 498436
7   undetected_chromedriver             0x0000000100fef891 undetected_chromedriver + 452753
8   undetected_chromedriver             0x0000000100fef788 undetected_chromedriver + 452488
9   undetected_chromedriver             0x0000000100fbe346 undetected_chromedriver + 250694
10  undetected_chromedriver             0x0000000100fbc7ce undetected_chromedriver + 243662
11  undetected_chromedriver             0x000000010109a3d7 undetected_chromedriver + 1151959
12  undetected_chromedriver             0x000000010105e312 undetected_chromedriver + 906002
13  undetected_chromedriver             0x0000000101085566 undetected_chromedriver + 1066342
14  undetected_chromedriver             0x000000010105e0e3 undetected_chromedriver + 905443
15  undetected_chromedriver             0x000000010102a61d undetected_chromedriver + 693789
16  undetected_chromedriver             0x000000010102b281 undetected_chromedriver + 696961
17  undetected_chromedriver             0x00000001014f4580 undetected_chromedriver + 5715328
18  undetected_chromedriver             0x00000001014f8445 undetected_chromedriver + 5731397
19  undetected_chromedriver             0x00000001014ceed0 undetected_chromedriver + 5562064
20  undetected_chromedriver             0x00000001014f8e7b undetected_chromedriver + 5734011
21  undetected_chromedriver             0x00000001014bdde4 undetected_chromedriver + 5492196
22  undetected_chromedriver             0x000000010151ba98 undetected_chromedriver + 5876376
23  undetected_chromedriver             0x000000010151bc60 undetected_chromedriver + 5876832
24  undetected_chromedriver             0x000000010152d5b1 undetected_chromedriver + 5948849
25  libsystem_pthread.dylib             0x00007ff806f26df1 _pthread_start + 99
26  libsystem_pthread.dylib             0x00007ff806f22857 thread_start + 15

./logs/12-May-25 21:18:19::__main__::INFO::Logging in.....Please wait :)  
./logs/12-May-25 21:18:35::__main__::INFO::Bot initialization complete.
./logs/12-May-25 21:18:36::__main__::INFO::Applying to Blockchain Developer: Los Angeles California
./logs/12-May-25 21:18:36::__main__::INFO::Looking for jobs.. Please wait..
./logs/12-May-25 21:18:42::__main__::INFO::Lock avoided.
./logs/12-May-25 21:19:02::__main__::INFO::Looking for jobs.. Please wait..
./logs/12-May-25 21:19:02::__main__::INFO::599.0 minutes left in this search
./logs/12-May-25 21:19:02::__main__::DEBUG::Sleeping for 4.4
