./logs/12-May-25 20:34:41::__main__::INFO::{'headless': False, 'positions': ['Data Scientist', 'Software Engineer', 'Junior Software Developer', 'Blockchain Engineer', 'React Engineer', 'SaaS Intern', 'Blockchain Developer', 'Engineer', 'Full Stack', 'Frontend Engineer', 'Backend Engineer', 'Rust Engineer', 'Solana Engineer', 'Full Stack Engineer', None, None], 'locations': ['Remote', 'Miami Beach Florida', 'Miami Florida', 'Fort Lauderdale Florida', 'West Palm Beach Florida', 'Boca Raton Florida', 'Delray Beach Florida', 'Boynton Beach Florida', 'Lake Worth Florida', 'Palm Beach Gardens Florida', 'Orlando Florida', 'Tampa Florida', 'St. Petersburg Florida', 'Clearwater Florida', 'Sarasota Florida', 'Naples Florida', 'Fort Myers Florida', 'New York City New York', 'San Francisco California', 'Los Angeles California', 'Chicago Illinois', 'Boston Massachusetts', 'Seattle Washington', 'Austin Texas', None], 'Resume': '/Users/jonathangan/Desktop/Personal/Resume-Revison.docx', 'Cover Letter': '/Users/jonathangan/Desktop/Personal/CoverLetter.pdf', 'Photo': '/Users/jonathangan/Desktop/profilepic.jpg', 'blacklist': ['CyberCoders', 'Jobot']}
./logs/12-May-25 20:34:41::__main__::INFO::Welcome to Easy Apply Bot
./logs/12-May-25 20:34:41::__main__::INFO::current directory is : /Users/jonathangan/Desktop/Code/LinkedinBot
./logs/12-May-25 20:34:41::__main__::INFO::Please wait while we prepare the bot for you
./logs/12-May-25 20:34:41::__main__::INFO::62 jobIDs found
./logs/12-May-25 20:34:47::__main__::INFO::Could not maximize window: Message: unknown error: JavaScript code failed
from unknown command: 'Runtime.evaluate' wasn't found
  (Session info: chrome=136.0.7103.93)
Stacktrace:
0   undetected_chromedriver             0x00000001051ab8b8 undetected_chromedriver + 5986488
1   undetected_chromedriver             0x00000001051a29ea undetected_chromedriver + 5949930
2   undetected_chromedriver             0x0000000104c5b600 undetected_chromedriver + 415232
3   undetected_chromedriver             0x0000000104c42492 undetected_chromedriver + 312466
4   undetected_chromedriver             0x0000000104c40e98 undetected_chromedriver + 306840
5   undetected_chromedriver             0x0000000104c415ff undetected_chromedriver + 308735
6   undetected_chromedriver             0x0000000104c6fb04 undetected_chromedriver + 498436
7   undetected_chromedriver             0x0000000104c64891 undetected_chromedriver + 452753
8   undetected_chromedriver             0x0000000104c64788 undetected_chromedriver + 452488
9   undetected_chromedriver             0x0000000104c33346 undetected_chromedriver + 250694
10  undetected_chromedriver             0x0000000104c317ce undetected_chromedriver + 243662
11  undetected_chromedriver             0x0000000104d0f3d7 undetected_chromedriver + 1151959
12  undetected_chromedriver             0x0000000104cd3312 undetected_chromedriver + 906002
13  undetected_chromedriver             0x0000000104cfa566 undetected_chromedriver + 1066342
14  undetected_chromedriver             0x0000000104cd30e3 undetected_chromedriver + 905443
15  undetected_chromedriver             0x0000000104c9f61d undetected_chromedriver + 693789
16  undetected_chromedriver             0x0000000104ca0281 undetected_chromedriver + 696961
17  undetected_chromedriver             0x0000000105169580 undetected_chromedriver + 5715328
18  undetected_chromedriver             0x000000010516d445 undetected_chromedriver + 5731397
19  undetected_chromedriver             0x0000000105143ed0 undetected_chromedriver + 5562064
20  undetected_chromedriver             0x000000010516de7b undetected_chromedriver + 5734011
21  undetected_chromedriver             0x0000000105132de4 undetected_chromedriver + 5492196
22  undetected_chromedriver             0x0000000105190a98 undetected_chromedriver + 5876376
23  undetected_chromedriver             0x0000000105190c60 undetected_chromedriver + 5876832
24  undetected_chromedriver             0x00000001051a25b1 undetected_chromedriver + 5948849
25  libsystem_pthread.dylib             0x00007ff806f26df1 _pthread_start + 99
26  libsystem_pthread.dylib             0x00007ff806f22857 thread_start + 15

./logs/12-May-25 20:34:47::__main__::INFO::Logging in.....Please wait :)  
./logs/12-May-25 20:35:05::__main__::INFO::Bot initialization complete.
./logs/12-May-25 20:35:05::__main__::INFO::Applying to Full Stack Engineer: Boston Massachusetts
./logs/12-May-25 20:35:05::__main__::INFO::Looking for jobs.. Please wait..
./logs/12-May-25 20:35:09::__main__::INFO::Lock avoided.
./logs/12-May-25 20:35:29::__main__::INFO::Looking for jobs.. Please wait..
./logs/12-May-25 20:35:29::__main__::INFO::599.0 minutes left in this search
./logs/12-May-25 20:35:29::__main__::DEBUG::Sleeping for 4.8
./logs/12-May-25 20:36:10::__main__::INFO::Clicking the EASY apply button
./logs/12-May-25 20:36:39::__main__::INFO::Could not complete submission
./logs/12-May-25 20:36:42::__main__::INFO::
Position 1:
 (25) Full Stack Engineer - Unity Video Games | Nerd Ninjas | LinkedIn 
 * has Easy Apply Button 

