./logs/12-May-25 20:07:01::__main__::INFO::{'headless': True, 'positions': ['Data Scientist', 'Software Engineer', 'Junior Software Developer', 'Blockchain Engineer', 'React Engineer', 'SaaS Intern', 'Blockchain Developer', 'Engineer', 'Full Stack', 'Frontend Engineer', 'Backend Engineer', 'Rust Engineer', 'Solana Engineer', 'Full Stack Engineer', None, None], 'locations': ['Remote', 'Miami Beach Florida', 'Miami Florida', 'Fort Lauderdale Florida', 'West Palm Beach Florida', 'Boca Raton Florida', 'Delray Beach Florida', 'Boynton Beach Florida', 'Lake Worth Florida', 'Palm Beach Gardens Florida', 'Orlando Florida', 'Tampa Florida', 'St. Petersburg Florida', 'Clearwater Florida', 'Sarasota Florida', 'Naples Florida', 'Fort Myers Florida', 'New York City New York', 'San Francisco California', 'Los Angeles California', 'Chicago Illinois', 'Boston Massachusetts', 'Seattle Washington', 'Austin Texas', None], 'Resume': '/Users/jonathangan/Desktop/Personal/Resume-Revison.docx', 'Cover Letter': '/Users/jonathangan/Desktop/Personal/CoverLetter.pdf', 'Photo': '/Users/jonathangan/Desktop/profilepic.jpg', 'blacklist': ['CyberCoders', 'Jobot']}
./logs/12-May-25 20:07:01::__main__::INFO::Welcome to Easy Apply Bot
./logs/12-May-25 20:07:01::__main__::INFO::current directory is : /Users/jonathangan/Desktop/Code/LinkedinBot
./logs/12-May-25 20:07:01::__main__::INFO::Please wait while we prepare the bot for you
./logs/12-May-25 20:07:01::__main__::INFO::52 jobIDs found
./logs/12-May-25 20:07:06::__main__::INFO::Logging in.....Please wait :)  
./logs/12-May-25 20:07:20::__main__::INFO::Bot initialization complete.
./logs/12-May-25 20:07:20::__main__::INFO::Applying to Blockchain Developer: Boca Raton Florida
./logs/12-May-25 20:07:20::__main__::INFO::Looking for jobs.. Please wait..
./logs/12-May-25 20:07:23::__main__::INFO::Lock avoided.
./logs/12-May-25 20:07:43::__main__::INFO::Looking for jobs.. Please wait..
./logs/12-May-25 20:07:43::__main__::INFO::599.0 minutes left in this search
./logs/12-May-25 20:07:43::__main__::DEBUG::Sleeping for 4.6
./logs/12-May-25 20:08:23::__main__::INFO::The button does not exist.
./logs/12-May-25 20:08:23::__main__::INFO::
Position 1:
 (25) AI Engineer | Vibe Studio | LinkedIn 
 * Doesn't have Easy Apply Button 

./logs/12-May-25 20:08:38::__main__::INFO::The button does not exist.
./logs/12-May-25 20:08:38::__main__::INFO::
Position 2:
 (25) Senior Back End Software Engineer | Handtevy | LinkedIn 
 * Doesn't have Easy Apply Button 

./logs/12-May-25 20:08:52::__main__::INFO::The button does not exist.
./logs/12-May-25 20:08:52::__main__::INFO::
Position 3:
 (25) Full Stack Engineer | Insight Global | LinkedIn 
 * Doesn't have Easy Apply Button 

./logs/12-May-25 20:09:06::__main__::INFO::The button does not exist.
./logs/12-May-25 20:09:06::__main__::INFO::
Position 4:
 (25) Blockchain DevRel Engineer | Metrics Recruitment | LinkedIn 
 * Doesn't have Easy Apply Button 

./logs/12-May-25 20:09:20::__main__::INFO::The button does not exist.
./logs/12-May-25 20:09:20::__main__::INFO::
Position 5:
 (25) Senior Full Stack Engineer (Web3) | Ada Meher | LinkedIn 
 * Doesn't have Easy Apply Button 

./logs/12-May-25 20:09:20::__main__::INFO::****************************************


                        Going to next jobs page, YEAAAHHH!!
                        ****************************************


./logs/12-May-25 20:09:23::__main__::INFO::Lock avoided.
