./logs/12-May-25 20:28:31::__main__::INFO::{'headless': True, 'positions': ['Data Scientist', 'Software Engineer', 'Junior Software Developer', 'Blockchain Engineer', 'React Engineer', 'SaaS Intern', 'Blockchain Developer', 'Engineer', 'Full Stack', 'Frontend Engineer', 'Backend Engineer', 'Rust Engineer', 'Solana Engineer', 'Full Stack Engineer', None, None], 'locations': ['Remote', 'Miami Beach Florida', 'Miami Florida', 'Fort Lauderdale Florida', 'West Palm Beach Florida', 'Boca Raton Florida', 'Delray Beach Florida', 'Boynton Beach Florida', 'Lake Worth Florida', 'Palm Beach Gardens Florida', 'Orlando Florida', 'Tampa Florida', 'St. Petersburg Florida', 'Clearwater Florida', 'Sarasota Florida', 'Naples Florida', 'Fort Myers Florida', 'New York City New York', 'San Francisco California', 'Los Angeles California', 'Chicago Illinois', 'Boston Massachusetts', 'Seattle Washington', 'Austin Texas', None], 'Resume': '/Users/jonathangan/Desktop/Personal/Resume-Revison.docx', 'Cover Letter': '/Users/jonathangan/Desktop/Personal/CoverLetter.pdf', 'Photo': '/Users/jonathangan/Desktop/profilepic.jpg', 'blacklist': ['CyberCoders', 'Jobot']}
./logs/12-May-25 20:28:31::__main__::INFO::Welcome to Easy Apply Bot
./logs/12-May-25 20:28:31::__main__::INFO::current directory is : /Users/jonathangan/Desktop/Code/LinkedinBot
./logs/12-May-25 20:28:31::__main__::INFO::Please wait while we prepare the bot for you
./logs/12-May-25 20:28:31::__main__::INFO::59 jobIDs found
./logs/12-May-25 20:28:38::__main__::INFO::Logging in.....Please wait :)  
./logs/12-May-25 20:28:52::__main__::INFO::Bot initialization complete.
./logs/12-May-25 20:28:52::__main__::INFO::Applying to Engineer: Sarasota Florida
./logs/12-May-25 20:28:52::__main__::INFO::Looking for jobs.. Please wait..
./logs/12-May-25 20:28:54::__main__::INFO::Lock avoided.
./logs/12-May-25 20:29:15::__main__::INFO::Looking for jobs.. Please wait..
./logs/12-May-25 20:29:15::__main__::INFO::599.0 minutes left in this search
./logs/12-May-25 20:29:15::__main__::DEBUG::Sleeping for 4.6
./logs/12-May-25 20:29:55::__main__::INFO::Clicking the EASY apply button
./logs/12-May-25 20:30:24::__main__::INFO::Could not complete submission
./logs/12-May-25 20:30:26::__main__::INFO::
Position 1:
 (25) Senior Front-End Engineer (Remote) | Income Discovery | LinkedIn 
 * has Easy Apply Button 

./logs/12-May-25 20:30:40::__main__::INFO::Clicking the EASY apply button
./logs/12-May-25 20:31:08::__main__::INFO::Could not complete submission
./logs/12-May-25 20:31:10::__main__::INFO::
Position 2:
 (25) Mid/Senior Software Engineer, React & AI | Stackpack | LinkedIn 
 * has Easy Apply Button 

