./logs/29-Dec-21 18:55:46::__main__::INFO::{'positions': ['Data Scientist', 'Software Engineer', 'Junior Software Developer', 'Blockchain Engineer', 'React Engineer', 'SaaS Intern', 'Blockchain Developer', 'Engineer', 'Full Stack', None, None], 'locations': ['Remote', 'Tampa Florida', None], 'Resume': '/Users/jonathangan/Desktop/Jons-Computer-Engineering-Resume.pdf', 'Cover Letter': '/Users/jonathangan/Desktop/2022CoverLetter.pdf', 'Photo': '/Users/jonathangan/Desktop/profilepic.jpg', 'blacklist': ['CyberCoders', 'Jobot']}
./logs/29-Dec-21 18:55:46::__main__::INFO::Welcome to Easy Apply Bot
./logs/29-Dec-21 18:55:46::__main__::INFO::current directory is : /Users/jonathangan/Desktop/LinkedIn-Easy-Apply-Bot
./logs/29-Dec-21 18:55:46::__main__::INFO::310 jobIDs found
./logs/29-Dec-21 18:55:47::__main__::INFO::Logging in.....Please wait :)  
./logs/29-Dec-21 18:56:06::__main__::INFO::Applying to Junior Software Developer: Tampa Florida
./logs/29-Dec-21 18:56:06::__main__::INFO::Looking for jobs.. Please wait..
./logs/29-Dec-21 18:56:14::__main__::INFO::Lock avoided.
./logs/29-Dec-21 18:56:34::__main__::INFO::Looking for jobs.. Please wait..
./logs/29-Dec-21 18:56:34::__main__::INFO::599.0 minutes left in this search
./logs/29-Dec-21 18:56:34::__main__::DEBUG::Sleeping for 4.2
./logs/29-Dec-21 18:57:16::__main__::INFO::Clicking the EASY apply button
./logs/29-Dec-21 18:57:28::__main__::INFO::Could not complete submission
./logs/29-Dec-21 18:57:29::__main__::INFO::
Position 1:
 Web Developer (C# MVC) | AppleOne Employment Services | LinkedIn 
 * has Easy Apply Button 

./logs/29-Dec-21 18:57:44::__main__::INFO::Clicking the EASY apply button
./logs/29-Dec-21 18:57:53::__main__::INFO::Could not complete submission
./logs/29-Dec-21 18:57:55::__main__::INFO::
Position 2:
 Creative Email and Web Developer - HTML/CSS | KnowBe4 | LinkedIn 
 * has Easy Apply Button 

./logs/29-Dec-21 18:58:10::__main__::INFO::Clicking the EASY apply button
./logs/29-Dec-21 18:58:26::__main__::INFO::Application Submitted
./logs/29-Dec-21 18:58:28::__main__::INFO::
Position 3:
 Java Fullstack Developer | LTI - Larsen & Toubro Infotech | LinkedIn 
 * has Easy Apply Button 

./logs/29-Dec-21 18:58:43::__main__::INFO::Clicking the EASY apply button
./logs/29-Dec-21 18:58:59::__main__::INFO::Application Submitted
./logs/29-Dec-21 18:59:01::__main__::INFO::
Position 4:
 Java Fullstack Developer | Virtusa | LinkedIn 
 * has Easy Apply Button 

./logs/29-Dec-21 18:59:15::__main__::INFO::Clicking the EASY apply button
./logs/29-Dec-21 18:59:25::__main__::INFO::Application Submitted
./logs/29-Dec-21 18:59:27::__main__::INFO::
Position 5:
 Mean Stack Developer | LOGICPLANET IT SERVICES (INDIA) PRIVATE LIMITED | LinkedIn 
 * has Easy Apply Button 

./logs/29-Dec-21 18:59:42::__main__::INFO::Clicking the EASY apply button
./logs/29-Dec-21 18:59:54::__main__::INFO::Could not complete submission
./logs/29-Dec-21 18:59:55::__main__::INFO::
Position 6:
 Java Full Stack Developer | Synergy Technologies | LinkedIn 
 * has Easy Apply Button 

./logs/29-Dec-21 19:00:09::__main__::INFO::Clicking the EASY apply button
./logs/29-Dec-21 19:00:28::__main__::INFO::Application Submitted
./logs/29-Dec-21 19:00:29::__main__::INFO::
Position 7:
 .Net FullStack Developer | Iris Software Inc. | LinkedIn 
 * has Easy Apply Button 

./logs/29-Dec-21 19:00:44::__main__::INFO::Clicking the EASY apply button
./logs/29-Dec-21 19:00:58::__main__::INFO::Application Submitted
./logs/29-Dec-21 19:01:01::__main__::INFO::
Position 8:
 Full Stack Developer | Corporate Brokers | LinkedIn 
 * has Easy Apply Button 

./logs/29-Dec-21 19:01:15::__main__::INFO::Clicking the EASY apply button
./logs/29-Dec-21 19:01:27::__main__::INFO::Could not complete submission
./logs/29-Dec-21 19:01:29::__main__::INFO::
Position 9:
 C++ Developer | Versatil RPO | LinkedIn 
 * has Easy Apply Button 

./logs/29-Dec-21 19:01:29::__main__::INFO::****************************************


                        Going to next jobs page, YEAAAHHH!!
                        ****************************************


./logs/29-Dec-21 19:01:38::__main__::INFO::Lock avoided.
./logs/29-Dec-21 19:01:58::__main__::INFO::594.0 minutes left in this search
./logs/29-Dec-21 19:01:58::__main__::DEBUG::Sleeping for 3.7
./logs/29-Dec-21 19:02:39::__main__::INFO::Clicking the EASY apply button
./logs/29-Dec-21 19:02:50::__main__::INFO::Could not complete submission
./logs/29-Dec-21 19:02:52::__main__::INFO::
Position 26:
 Lead Full Stack Software Engineer | OptimHire | LinkedIn 
 * has Easy Apply Button 

./logs/29-Dec-21 19:03:07::__main__::INFO::Clicking the EASY apply button
./logs/29-Dec-21 19:03:17::__main__::INFO::Could not complete submission
./logs/29-Dec-21 19:03:19::__main__::INFO::
Position 27:
 Java Full Stack Developer | Tanisha Systems, Inc | LinkedIn 
 * has Easy Apply Button 

./logs/29-Dec-21 19:03:34::__main__::INFO::Clicking the EASY apply button
./logs/29-Dec-21 19:03:46::__main__::INFO::Could not complete submission
./logs/29-Dec-21 19:03:49::__main__::INFO::
Position 28:
 Sencha Developers | Tecbeats | LinkedIn 
 * has Easy Apply Button 

./logs/29-Dec-21 19:04:03::__main__::INFO::Clicking the EASY apply button
./logs/29-Dec-21 19:04:15::__main__::INFO::Could not complete submission
./logs/29-Dec-21 19:04:16::__main__::INFO::
Position 29:
 Full Stack Senior Developer | d'aprile properties | LinkedIn 
 * has Easy Apply Button 

./logs/29-Dec-21 19:04:31::__main__::INFO::Clicking the EASY apply button
./logs/29-Dec-21 19:04:43::__main__::INFO::Could not complete submission
./logs/29-Dec-21 19:04:44::__main__::INFO::
Position 30:
 Software Developer / Programmer 3 | CGT Staffing | LinkedIn 
 * has Easy Apply Button 

./logs/29-Dec-21 19:04:59::__main__::INFO::Clicking the EASY apply button
./logs/29-Dec-21 19:05:12::__main__::INFO::Application Submitted
./logs/29-Dec-21 19:05:14::__main__::INFO::
Position 31:
 Full Stack Developer | Crystal Equation Corporation | LinkedIn 
 * has Easy Apply Button 

./logs/29-Dec-21 19:05:29::__main__::INFO::Clicking the EASY apply button
./logs/29-Dec-21 19:05:48::__main__::INFO::Application Submitted
./logs/29-Dec-21 19:05:50::__main__::INFO::
Position 32:
 Full Stack Java Developer | Healthmap Solutions | LinkedIn 
 * has Easy Apply Button 

./logs/29-Dec-21 19:06:04::__main__::INFO::Clicking the EASY apply button
./logs/29-Dec-21 19:06:18::__main__::INFO::Application Submitted
./logs/29-Dec-21 19:06:20::__main__::INFO::
Position 33:
 Java Fullstack developer | LTI - Larsen & Toubro Infotech | LinkedIn 
 * has Easy Apply Button 

./logs/29-Dec-21 19:06:35::__main__::INFO::Clicking the EASY apply button
./logs/29-Dec-21 19:06:44::__main__::INFO::Application Submitted
./logs/29-Dec-21 19:06:46::__main__::INFO::
Position 34:
 Full-stack Developer | Spruce InfoTech, Inc | LinkedIn 
 * has Easy Apply Button 

./logs/29-Dec-21 19:06:46::__main__::INFO::****************************************


                        Going to next jobs page, YEAAAHHH!!
                        ****************************************


./logs/29-Dec-21 19:06:56::__main__::INFO::Lock avoided.
./logs/29-Dec-21 19:07:16::__main__::INFO::588.0 minutes left in this search
./logs/29-Dec-21 19:07:16::__main__::DEBUG::Sleeping for 4.3
./logs/29-Dec-21 19:07:57::__main__::INFO::Clicking the EASY apply button
./logs/29-Dec-21 19:08:09::__main__::INFO::Could not complete submission
./logs/29-Dec-21 19:08:10::__main__::INFO::
Position 51:
 Founding Software Engineer (Full Stack: AWS, React Native) | Render | LinkedIn 
 * has Easy Apply Button 

./logs/29-Dec-21 19:08:25::__main__::INFO::Clicking the EASY apply button
./logs/29-Dec-21 19:08:34::__main__::INFO::Application Submitted
./logs/29-Dec-21 19:08:36::__main__::INFO::
Position 52:
 Lead Full Stack Developer (Angular) | Perficient | LinkedIn 
 * has Easy Apply Button 

./logs/29-Dec-21 19:08:36::__main__::INFO::********count_application: 20************


                                    Time for a nap - see you in: 9 min
                                ****************************************


./logs/29-Dec-21 19:18:06::__main__::INFO::Clicking the EASY apply button
./logs/29-Dec-21 19:18:16::__main__::INFO::Application Submitted
./logs/29-Dec-21 19:18:18::__main__::INFO::
Position 53:
 Sr Full-Stack Developer - (JavaScript/TypeScript/AWS/Node) | Eleventh Hire, Inc. | LinkedIn 
 * has Easy Apply Button 

./logs/29-Dec-21 19:18:32::__main__::INFO::Clicking the EASY apply button
./logs/29-Dec-21 19:18:49::__main__::INFO::Application Submitted
./logs/29-Dec-21 19:18:51::__main__::INFO::
Position 54:
 Software developer | Mindlance | LinkedIn 
 * has Easy Apply Button 

./logs/29-Dec-21 19:19:06::__main__::INFO::The button does not exist.
./logs/29-Dec-21 19:19:06::__main__::INFO::
Position 55:
 Full Stack Engineer | Tanisha Systems, Inc | LinkedIn 
 * Doesn't have Easy Apply Button 

./logs/29-Dec-21 19:19:19::__main__::INFO::Clicking the EASY apply button
./logs/29-Dec-21 19:19:31::__main__::INFO::Could not complete submission
./logs/29-Dec-21 19:19:33::__main__::INFO::
Position 56:
 Java Full Stack Developer | Miracle Software Systems, Inc | LinkedIn 
 * has Easy Apply Button 

./logs/29-Dec-21 19:19:48::__main__::INFO::Clicking the EASY apply button
./logs/29-Dec-21 19:20:00::__main__::INFO::Could not complete submission
./logs/29-Dec-21 19:20:02::__main__::INFO::
Position 57:
 Global- Software Developer Volunteer for Nature Counter(React Native Developer) Needed | M4A Foundation | LinkedIn 
 * has Easy Apply Button 

./logs/29-Dec-21 19:20:16::__main__::INFO::Clicking the EASY apply button
./logs/29-Dec-21 19:20:27::__main__::INFO::Could not complete submission
./logs/29-Dec-21 19:20:29::__main__::INFO::
Position 58:
 Java Full Stack Developer | Kani Solutions Inc | LinkedIn 
 * has Easy Apply Button 

./logs/29-Dec-21 19:20:44::__main__::INFO::Clicking the EASY apply button
./logs/29-Dec-21 19:20:56::__main__::INFO::Could not complete submission
./logs/29-Dec-21 19:20:58::__main__::INFO::
Position 59:
 Senior Full Stack Blockchain Developer | NetraDigital | LinkedIn 
 * has Easy Apply Button 

./logs/29-Dec-21 19:21:13::__main__::INFO::Clicking the EASY apply button
./logs/29-Dec-21 19:21:24::__main__::INFO::Could not complete submission
./logs/29-Dec-21 19:21:27::__main__::INFO::
Position 60:
 Data Warehouse Programmer | Home Care Pulse | LinkedIn 
 * has Easy Apply Button 

./logs/29-Dec-21 19:21:42::__main__::INFO::Clicking the EASY apply button
./logs/29-Dec-21 19:21:54::__main__::INFO::Could not complete submission
./logs/29-Dec-21 19:21:55::__main__::INFO::
Position 61:
 Global- Software Developer Volunteer for Nature Counter (React Native Developer)Needed | M4A Foundation | LinkedIn 
 * has Easy Apply Button 

./logs/29-Dec-21 19:22:10::__main__::INFO::Clicking the EASY apply button
./logs/29-Dec-21 19:22:20::__main__::INFO::Application Submitted
./logs/29-Dec-21 19:22:22::__main__::INFO::
Position 62:
 Senior Full-Stack Software Engineer | AL-AGEDI B. C. | LinkedIn 
 * has Easy Apply Button 

./logs/29-Dec-21 19:22:36::__main__::INFO::Clicking the EASY apply button
./logs/29-Dec-21 19:22:48::__main__::INFO::Could not complete submission
./logs/29-Dec-21 19:22:50::__main__::INFO::
Position 63:
 Sitecore developer | Spartan Solutions Inc | LinkedIn 
 * has Easy Apply Button 

./logs/29-Dec-21 19:23:04::__main__::INFO::Clicking the EASY apply button
./logs/29-Dec-21 19:23:14::__main__::INFO::Application Submitted
./logs/29-Dec-21 19:23:16::__main__::INFO::
Position 64:
 Full Stack Software Engineer | Linq | LinkedIn 
 * has Easy Apply Button 

./logs/29-Dec-21 19:23:31::__main__::INFO::Clicking the EASY apply button
./logs/29-Dec-21 19:23:47::__main__::INFO::Application Submitted
./logs/29-Dec-21 19:23:49::__main__::INFO::
Position 65:
 Java Full stack Engineer | Tanisha Systems, Inc | LinkedIn 
 * has Easy Apply Button 

./logs/29-Dec-21 19:24:03::__main__::INFO::Clicking the EASY apply button
./logs/29-Dec-21 19:24:14::__main__::INFO::Could not complete submission
./logs/29-Dec-21 19:24:17::__main__::INFO::
Position 66:
 BackEnd Software Engineer | seer | LinkedIn 
 * has Easy Apply Button 

./logs/29-Dec-21 19:24:33::__main__::INFO::The button does not exist.
./logs/29-Dec-21 19:24:33::__main__::INFO::
Position 67:
 Software Developer - Remote | SS&C Technologies | LinkedIn 
 * Doesn't have Easy Apply Button 

./logs/29-Dec-21 19:24:33::__main__::INFO::****************************************


                        Going to next jobs page, YEAAAHHH!!
                        ****************************************


./logs/29-Dec-21 19:24:44::__main__::INFO::Lock avoided.
./logs/29-Dec-21 19:25:04::__main__::INFO::571.0 minutes left in this search
./logs/29-Dec-21 19:25:04::__main__::DEBUG::Sleeping for 4.6
./logs/29-Dec-21 19:31:49::__main__::INFO::The button does not exist.
./logs/29-Dec-21 19:31:49::__main__::INFO::
Position 76:
 (1) Software Engineer (Volunteer) | Art For Action Corporation | LinkedIn 
 * Doesn't have Easy Apply Button 

./logs/29-Dec-21 19:32:02::__main__::INFO::The button does not exist.
./logs/29-Dec-21 19:32:02::__main__::INFO::
Position 77:
 (1) Full Stack Engineer | VySystems | LinkedIn 
 * Doesn't have Easy Apply Button 

./logs/29-Dec-21 19:32:34::__main__::INFO::The button does not exist.
./logs/29-Dec-21 19:32:34::__main__::INFO::
Position 78:
 (1) Java Fullstack Developer | chelsoftusa | LinkedIn 
 * Doesn't have Easy Apply Button 

./logs/29-Dec-21 19:32:49::__main__::INFO::The button does not exist.
./logs/29-Dec-21 19:32:49::__main__::INFO::
Position 79:
 (1) .Net Full Stack Developer | TekIT Software Solutions LLC | LinkedIn 
 * Doesn't have Easy Apply Button 

./logs/29-Dec-21 19:32:49::__main__::INFO::****************************************


                        Going to next jobs page, YEAAAHHH!!
                        ****************************************


./logs/29-Dec-21 19:32:57::__main__::INFO::Lock avoided.
./logs/29-Dec-21 19:33:41::__main__::INFO::562.0 minutes left in this search
./logs/29-Dec-21 19:33:41::__main__::DEBUG::Sleeping for 4.8
./logs/29-Dec-21 19:34:21::__main__::INFO::The button does not exist.
./logs/29-Dec-21 19:34:21::__main__::INFO::
Position 101:
 (1) Sr. Fullstack / Backend Engineer | Ekanite Consulting | LinkedIn 
 * Doesn't have Easy Apply Button 

./logs/29-Dec-21 19:54:34::__main__::INFO::The button does not exist.
./logs/29-Dec-21 19:54:34::__main__::INFO::
Position 102:
 (1) Full Stack Developer | EC-Council | LinkedIn 
 * Doesn't have Easy Apply Button 

./logs/29-Dec-21 19:54:51::__main__::INFO::The button does not exist.
./logs/29-Dec-21 19:54:51::__main__::INFO::
Position 103:
 (4) Full Stack Blockchain Engineer (NodeJS, ReactJS, Solidity, GO) | Smart MFG | LinkedIn 
 * Doesn't have Easy Apply Button 

./logs/29-Dec-21 19:55:09::__main__::INFO::The button does not exist.
./logs/29-Dec-21 19:55:09::__main__::INFO::
Position 104:
 (4) Full-Stack Cloud Software Developer | X2 Logics Staffing Solution, Inc. | LinkedIn 
 * Doesn't have Easy Apply Button 

./logs/29-Dec-21 20:10:20::__main__::INFO::The button does not exist.
./logs/29-Dec-21 20:10:20::__main__::INFO::
Position 105:
 (4) Software Engineer | Dream Team | LinkedIn 
 * Doesn't have Easy Apply Button 

./logs/29-Dec-21 20:10:20::__main__::INFO::****************************************


                        Going to next jobs page, YEAAAHHH!!
                        ****************************************


./logs/29-Dec-21 20:10:43::__main__::INFO::Lock avoided.
./logs/29-Dec-21 20:11:04::__main__::INFO::525.0 minutes left in this search
./logs/29-Dec-21 20:11:04::__main__::DEBUG::Sleeping for 3.8
./logs/29-Dec-21 20:11:43::__main__::INFO::The button does not exist.
./logs/29-Dec-21 20:11:43::__main__::INFO::
Position 126:
 Full Stack .NET Developer | Confidential | LinkedIn 
 * Doesn't have Easy Apply Button 

./logs/29-Dec-21 20:11:56::__main__::INFO::The button does not exist.
./logs/29-Dec-21 20:11:56::__main__::INFO::
Position 127:
 .NET Full Stack Developer | True North Consultants | LinkedIn 
 * Doesn't have Easy Apply Button 

./logs/29-Dec-21 20:11:56::__main__::INFO::****************************************


                        Going to next jobs page, YEAAAHHH!!
                        ****************************************


./logs/29-Dec-21 20:12:04::__main__::INFO::Lock avoided.
./logs/29-Dec-21 20:12:25::__main__::INFO::523.0 minutes left in this search
./logs/29-Dec-21 20:12:25::__main__::DEBUG::Sleeping for 4.4
./logs/29-Dec-21 20:13:05::__main__::INFO::The button does not exist.
./logs/29-Dec-21 20:13:05::__main__::INFO::
Position 151:
 Python/Django Software Engineer (Salary+Equity) | Cyberjin | LinkedIn 
 * Doesn't have Easy Apply Button 

./logs/29-Dec-21 20:13:18::__main__::INFO::The button does not exist.
./logs/29-Dec-21 20:13:18::__main__::INFO::
Position 152:
 Software Engineer | TEAM ia | LinkedIn 
 * Doesn't have Easy Apply Button 

./logs/29-Dec-21 20:13:32::__main__::INFO::The button does not exist.
./logs/29-Dec-21 20:13:32::__main__::INFO::
Position 153:
 C# API Developer (REMOTE) | TriSearch | LinkedIn 
 * Doesn't have Easy Apply Button 

./logs/29-Dec-21 20:13:46::__main__::INFO::The button does not exist.
./logs/29-Dec-21 20:13:46::__main__::INFO::
Position 154:
 Sr. Full Stack Java Developer - REMOTE | Cyquent, Inc. | LinkedIn 
 * Doesn't have Easy Apply Button 

./logs/29-Dec-21 20:13:46::__main__::INFO::****************************************


                        Going to next jobs page, YEAAAHHH!!
                        ****************************************


./logs/29-Dec-21 20:13:54::__main__::INFO::Lock avoided.
./logs/29-Dec-21 20:14:15::__main__::INFO::521.0 minutes left in this search
./logs/29-Dec-21 20:14:15::__main__::DEBUG::Sleeping for 4.3
./logs/29-Dec-21 20:14:54::__main__::INFO::The button does not exist.
./logs/29-Dec-21 20:14:54::__main__::INFO::
Position 176:
 Software Developer (.NET) (REMOTE) | Patriot Talent Solutions | LinkedIn 
 * Doesn't have Easy Apply Button 

./logs/29-Dec-21 20:15:08::__main__::INFO::The button does not exist.
./logs/29-Dec-21 20:15:08::__main__::INFO::
Position 177:
 Full-Stack Developer (remote; full-time) | Hire Velocity | LinkedIn 
 * Doesn't have Easy Apply Button 

./logs/29-Dec-21 20:15:22::__main__::INFO::The button does not exist.
./logs/29-Dec-21 20:15:22::__main__::INFO::
Position 178:
 Full Stack Java Developer | Maxonic | LinkedIn 
 * Doesn't have Easy Apply Button 

./logs/29-Dec-21 20:15:35::__main__::INFO::The button does not exist.
./logs/29-Dec-21 20:15:35::__main__::INFO::
Position 179:
 Fullstack .NET Developer (Streaming) | Hays | LinkedIn 
 * Doesn't have Easy Apply Button 

./logs/29-Dec-21 20:15:48::__main__::INFO::The button does not exist.
./logs/29-Dec-21 20:15:49::__main__::INFO::
Position 180:
 React Native Software Engineer [65417] | Onward Search | LinkedIn 
 * Doesn't have Easy Apply Button 

./logs/29-Dec-21 20:16:02::__main__::INFO::The button does not exist.
./logs/29-Dec-21 20:16:02::__main__::INFO::
Position 181:
 Ruby on Rails Developer - (Amazon Web Services, PostGreSQL) – 100% Remote | Optomi | LinkedIn 
 * Doesn't have Easy Apply Button 

./logs/29-Dec-21 20:16:02::__main__::INFO::****************************************


                        Going to next jobs page, YEAAAHHH!!
                        ****************************************


./logs/29-Dec-21 20:16:11::__main__::INFO::Lock avoided.
./logs/29-Dec-21 20:33:14::__main__::INFO::502.0 minutes left in this search
./logs/29-Dec-21 20:33:14::__main__::DEBUG::Sleeping for 4.8
./logs/29-Dec-21 20:33:55::__main__::INFO::The button does not exist.
./logs/29-Dec-21 20:33:55::__main__::INFO::
Position 201:
 Full Stack Engineer III ( Angular, C#.net , Microservices ) | IT Associates | LinkedIn 
 * Doesn't have Easy Apply Button 

./logs/29-Dec-21 20:34:09::__main__::INFO::The button does not exist.
./logs/29-Dec-21 20:34:09::__main__::INFO::
Position 202:
 Full Stack Developer | Novatas Recruitment | The spark behind the CV | LinkedIn 
 * Doesn't have Easy Apply Button 

./logs/29-Dec-21 20:34:24::__main__::INFO::The button does not exist.
./logs/29-Dec-21 20:34:24::__main__::INFO::
Position 203:
 Java full stack developer | RK Software Services LLC | LinkedIn 
 * Doesn't have Easy Apply Button 

./logs/29-Dec-21 20:34:38::__main__::INFO::The button does not exist.
./logs/29-Dec-21 20:34:38::__main__::INFO::
Position 204:
 Java Fullstack Developer || Only W2 || Banking Domain | ACS Solutions | LinkedIn 
 * Doesn't have Easy Apply Button 

./logs/29-Dec-21 20:50:41::__main__::INFO::The button does not exist.
./logs/29-Dec-21 20:50:41::__main__::INFO::
Position 205:
 (1) Mulesoft developer | CDRP Technologies | LinkedIn 
 * Doesn't have Easy Apply Button 

./logs/29-Dec-21 20:51:03::__main__::INFO::The button does not exist.
./logs/29-Dec-21 20:51:03::__main__::INFO::
Position 206:
 (1) Full Stack Engineer | Modex, Inc. | LinkedIn 
 * Doesn't have Easy Apply Button 

./logs/29-Dec-21 20:51:03::__main__::INFO::****************************************


                        Going to next jobs page, YEAAAHHH!!
                        ****************************************


./logs/29-Dec-21 20:51:11::__main__::INFO::Lock avoided.
./logs/29-Dec-21 20:51:31::__main__::INFO::484.0 minutes left in this search
./logs/29-Dec-21 20:51:31::__main__::DEBUG::Sleeping for 4.4
./logs/29-Dec-21 20:52:11::__main__::INFO::The button does not exist.
./logs/29-Dec-21 20:52:11::__main__::INFO::
Position 226:
 (1) Software Engineer | Robert Half | LinkedIn 
 * Doesn't have Easy Apply Button 

./logs/29-Dec-21 20:52:24::__main__::INFO::The button does not exist.
./logs/29-Dec-21 20:52:24::__main__::INFO::
Position 227:
 (1) Full Stack Engineer (Genesys) | VincentBenjamin | LinkedIn 
 * Doesn't have Easy Apply Button 

./logs/29-Dec-21 20:52:38::__main__::INFO::The button does not exist.
./logs/29-Dec-21 20:52:38::__main__::INFO::
Position 228:
 (1) Full Stack developer | Collabera Inc. | LinkedIn 
 * Doesn't have Easy Apply Button 

./logs/29-Dec-21 20:52:51::__main__::INFO::The button does not exist.
./logs/29-Dec-21 20:52:51::__main__::INFO::
Position 229:
 (1) Software Engineer / Back-End Developer | Schellman | LinkedIn 
 * Doesn't have Easy Apply Button 

./logs/29-Dec-21 20:53:04::__main__::INFO::The button does not exist.
./logs/29-Dec-21 20:53:04::__main__::INFO::
Position 230:
 (1) Software Dev Engineer III | Akraya, Inc. | LinkedIn 
 * Doesn't have Easy Apply Button 

./logs/29-Dec-21 20:53:18::__main__::INFO::The button does not exist.
./logs/29-Dec-21 20:53:18::__main__::INFO::
Position 231:
 (1) Java Full Stack Developer | Variphy, Inc. | LinkedIn 
 * Doesn't have Easy Apply Button 

./logs/29-Dec-21 20:53:18::__main__::INFO::****************************************


                        Going to next jobs page, YEAAAHHH!!
                        ****************************************


./logs/29-Dec-21 20:53:26::__main__::INFO::Lock avoided.
./logs/29-Dec-21 20:53:46::__main__::INFO::482.0 minutes left in this search
./logs/29-Dec-21 20:53:46::__main__::DEBUG::Sleeping for 4.1
./logs/29-Dec-21 20:54:25::__main__::INFO::The button does not exist.
./logs/29-Dec-21 20:54:25::__main__::INFO::
Position 251:
 (1) Laravel Fullstack Engineer | Rekrew | LinkedIn 
 * Doesn't have Easy Apply Button 

./logs/29-Dec-21 20:54:39::__main__::INFO::The button does not exist.
./logs/29-Dec-21 20:54:39::__main__::INFO::
Position 252:
 (1) Sr. Full-Stack Engineer (React/Node/Mongo/AWS) | Hopps | LinkedIn 
 * Doesn't have Easy Apply Button 

./logs/29-Dec-21 20:54:52::__main__::INFO::The button does not exist.
./logs/29-Dec-21 20:54:52::__main__::INFO::
Position 253:
 (1) Full Stack Java Developer | ProKatchers LLC | LinkedIn 
 * Doesn't have Easy Apply Button 

./logs/29-Dec-21 20:55:06::__main__::INFO::The button does not exist.
./logs/29-Dec-21 20:55:06::__main__::INFO::
Position 254:
 (1) Software Engineer @ Cybersecurity startup | sonet.io | LinkedIn 
 * Doesn't have Easy Apply Button 

./logs/29-Dec-21 20:55:19::__main__::INFO::The button does not exist.
./logs/29-Dec-21 20:55:19::__main__::INFO::
Position 255:
 (1) Full-Stack Developer | Marketing Architects | LinkedIn 
 * Doesn't have Easy Apply Button 

./logs/29-Dec-21 20:55:19::__main__::INFO::****************************************


                        Going to next jobs page, YEAAAHHH!!
                        ****************************************


./logs/29-Dec-21 20:55:28::__main__::INFO::Lock avoided.
./logs/29-Dec-21 20:55:48::__main__::INFO::480.0 minutes left in this search
./logs/29-Dec-21 20:55:48::__main__::DEBUG::Sleeping for 4.5
./logs/29-Dec-21 20:56:27::__main__::INFO::The button does not exist.
./logs/29-Dec-21 20:56:27::__main__::INFO::
Position 276:
 (1) Senior Full-Stack Engineer | Arva Intelligence | LinkedIn 
 * Doesn't have Easy Apply Button 

./logs/29-Dec-21 21:12:28::__main__::INFO::The button does not exist.
./logs/29-Dec-21 21:12:28::__main__::INFO::
Position 277:
 (2) Flutter Developer | The Ksquare Group | LinkedIn 
 * Doesn't have Easy Apply Button 

./logs/29-Dec-21 21:12:45::__main__::INFO::The button does not exist.
./logs/29-Dec-21 21:12:45::__main__::INFO::
Position 278:
 (2) .NET Full Stack Engineer | PMG GLOBAL | LinkedIn 
 * Doesn't have Easy Apply Button 

./logs/29-Dec-21 21:16:27::__main__::INFO::The button does not exist.
./logs/29-Dec-21 21:16:27::__main__::INFO::
Position 279:
 (2) Full Stack Engineer | Gravity Supply Chain Solutions | LinkedIn 
 * Doesn't have Easy Apply Button 

./logs/29-Dec-21 21:16:49::__main__::INFO::The button does not exist.
./logs/29-Dec-21 21:16:49::__main__::INFO::
Position 280:
 (2) Full Stack Developer | Eliassen Group | LinkedIn 
 * Doesn't have Easy Apply Button 

./logs/29-Dec-21 21:16:49::__main__::INFO::****************************************


                        Going to next jobs page, YEAAAHHH!!
                        ****************************************


./logs/29-Dec-21 21:16:59::__main__::INFO::Lock avoided.
./logs/29-Dec-21 21:33:13::__main__::INFO::442.0 minutes left in this search
./logs/29-Dec-21 21:33:13::__main__::DEBUG::Sleeping for 3.7
./logs/29-Dec-21 22:00:14::__main__::INFO::The button does not exist.
./logs/29-Dec-21 22:00:14::__main__::INFO::
Position 301:
 (4) IOS Software Engineer | UNION | LinkedIn 
 * Doesn't have Easy Apply Button 

./logs/29-Dec-21 22:21:51::__main__::INFO::394.0 minutes left in this search
./logs/29-Dec-21 22:21:51::__main__::DEBUG::Sleeping for 4.3
./logs/29-Dec-21 22:22:17::__main__::INFO::393.0 minutes left in this search
./logs/29-Dec-21 22:22:17::__main__::DEBUG::Sleeping for 4.8
./logs/30-Dec-21 00:22:38::__main__::INFO::273.0 minutes left in this search
./logs/30-Dec-21 00:22:39::__main__::DEBUG::Sleeping for 4.0
./logs/30-Dec-21 02:22:36::__main__::INFO::153.0 minutes left in this search
./logs/30-Dec-21 02:22:36::__main__::DEBUG::Sleeping for 4.9
./logs/30-Dec-21 04:22:53::__main__::INFO::33.0 minutes left in this search
./logs/30-Dec-21 04:22:53::__main__::DEBUG::Sleeping for 4.6
./logs/30-Dec-21 04:23:18::__main__::INFO::32.0 minutes left in this search
./logs/30-Dec-21 04:23:18::__main__::DEBUG::Sleeping for 3.7
./logs/30-Dec-21 06:23:16::__main__::INFO::Applying to Blockchain Engineer: Remote
./logs/30-Dec-21 06:23:16::__main__::INFO::Looking for jobs.. Please wait..
./logs/30-Dec-21 06:23:40::__main__::INFO::Lock avoided.
./logs/30-Dec-21 06:34:43::__main__::INFO::Looking for jobs.. Please wait..
./logs/30-Dec-21 06:34:43::__main__::INFO::588.0 minutes left in this search
./logs/30-Dec-21 06:34:43::__main__::DEBUG::Sleeping for 4.1
./logs/30-Dec-21 06:36:04::__main__::INFO::The button does not exist.
./logs/30-Dec-21 06:36:04::__main__::INFO::
Position 1:
 (13) Full Stack Software Developer | the interprose corporation | LinkedIn 
 * Doesn't have Easy Apply Button 

./logs/30-Dec-21 06:36:04::__main__::INFO::****************************************


                        Going to next jobs page, YEAAAHHH!!
                        ****************************************


./logs/30-Dec-21 06:36:24::__main__::INFO::Lock avoided.
./logs/30-Dec-21 06:36:44::__main__::INFO::586.0 minutes left in this search
./logs/30-Dec-21 06:36:44::__main__::DEBUG::Sleeping for 3.6
./logs/30-Dec-21 06:37:23::__main__::INFO::The button does not exist.
./logs/30-Dec-21 06:37:23::__main__::INFO::
Position 26:
 (13) Senior Server Side Back End Developer | FYX Gaming | LinkedIn 
 * Doesn't have Easy Apply Button 

./logs/30-Dec-21 06:37:37::__main__::INFO::The button does not exist.
./logs/30-Dec-21 06:37:37::__main__::INFO::
Position 27:
 (13) Full Stack Engineer, Full Stack Developer, Front end, Back end | Whim | LinkedIn 
 * Doesn't have Easy Apply Button 

./logs/30-Dec-21 06:37:51::__main__::INFO::The button does not exist.
./logs/30-Dec-21 06:37:51::__main__::INFO::
Position 28:
 (13) Full Stack Engineer | CloudLex, Inc. | LinkedIn 
 * Doesn't have Easy Apply Button 

./logs/30-Dec-21 06:38:05::__main__::INFO::The button does not exist.
./logs/30-Dec-21 06:38:05::__main__::INFO::
Position 29:
 (13) Java Full Stack Developer | Tanisha Systems, Inc | LinkedIn 
 * Doesn't have Easy Apply Button 

./logs/30-Dec-21 06:38:19::__main__::INFO::The button does not exist.
./logs/30-Dec-21 06:38:19::__main__::INFO::
Position 30:
 (13) Back End Developer (Remote) | ChrisHunt, Inc. | LinkedIn 
 * Doesn't have Easy Apply Button 

./logs/30-Dec-21 06:38:19::__main__::INFO::****************************************


                        Going to next jobs page, YEAAAHHH!!
                        ****************************************


./logs/30-Dec-21 06:38:27::__main__::INFO::Lock avoided.
./logs/30-Dec-21 09:00:15::__main__::INFO::443.0 minutes left in this search
./logs/30-Dec-21 09:00:15::__main__::DEBUG::Sleeping for 4.5
./logs/30-Dec-21 22:00:24::__main__::INFO::The button does not exist.
./logs/30-Dec-21 22:00:25::__main__::INFO::
Position 51:
 www.linkedin.com 
 * Doesn't have Easy Apply Button 

./logs/30-Dec-21 22:00:25::__main__::INFO::Applying to Junior Software Developer: Remote
./logs/30-Dec-21 22:00:25::__main__::INFO::Looking for jobs.. Please wait..
./logs/30-Dec-21 22:00:47::__main__::INFO::Lock avoided.
./logs/31-Dec-21 00:22:47::__main__::INFO::Looking for jobs.. Please wait..
./logs/31-Dec-21 00:22:47::__main__::INFO::457.0 minutes left in this search
./logs/31-Dec-21 00:22:47::__main__::DEBUG::Sleeping for 3.8
./logs/31-Dec-21 07:00:35::__main__::INFO::The button does not exist.
./logs/31-Dec-21 07:00:35::__main__::INFO::
Position 1:
 (27) Full Stack Developer | CyberSaint Security | LinkedIn 
 * Doesn't have Easy Apply Button 

./logs/31-Dec-21 09:49:41::__main__::INFO::Applying to Blockchain Developer: Remote
./logs/31-Dec-21 09:49:41::__main__::INFO::Looking for jobs.. Please wait..
