./logs/29-Dec-21 16:33:27::__main__::INFO::{'positions': ['Data Scientist', 'Software Engineer', 'Junior Software Developer', 'Blockchain Engineer', 'React Engineer', 'SaaS Intern', 'Blockchain Developer', 'Engineer', 'Full Stack', None, None], 'locations': ['Remote', 'Tampa Florida', None], 'Resume': '/Users/jonathangan/Desktop/Jons-Computer-Engineering-Resume.pdf', 'Cover Letter': '/Users/jonathangan/Desktop/2022CoverLetter.pdf', 'Photo': '/Users/jonathangan/Desktop/profilepic.jpg', 'blacklist': ['CyberCoders', 'Jobot']}
./logs/29-Dec-21 16:33:27::__main__::INFO::Welcome to Easy Apply Bot
./logs/29-Dec-21 16:33:27::__main__::INFO::current directory is : /Users/jonathangan/Desktop/LinkedIn-Easy-Apply-Bot
./logs/29-Dec-21 16:33:27::__main__::INFO::204 jobIDs found
./logs/29-Dec-21 16:33:27::__main__::INFO::Logging in.....Please wait :)  
./logs/29-Dec-21 16:33:49::__main__::INFO::Applying to Engineer: Tampa Florida
./logs/29-Dec-21 16:33:49::__main__::INFO::Looking for jobs.. Please wait..
./logs/29-Dec-21 16:33:56::__main__::INFO::Lock avoided.
./logs/29-Dec-21 16:34:16::__main__::INFO::Looking for jobs.. Please wait..
./logs/29-Dec-21 16:34:16::__main__::INFO::599.0 minutes left in this search
./logs/29-Dec-21 16:34:16::__main__::DEBUG::Sleeping for 4.6
./logs/29-Dec-21 16:35:00::__main__::INFO::Clicking the EASY apply button
./logs/29-Dec-21 16:35:11::__main__::INFO::Could not complete submission
./logs/29-Dec-21 16:35:13::__main__::INFO::
Position 1:
 (1) Project Engineer II | PF1 Professional Services, Inc. | LinkedIn 
 * has Easy Apply Button 

./logs/29-Dec-21 16:35:28::__main__::INFO::Clicking the EASY apply button
./logs/29-Dec-21 16:35:41::__main__::INFO::Could not complete submission
./logs/29-Dec-21 16:35:42::__main__::INFO::
Position 2:
 (1) Junior QA Automation Engineer | SMCI | LinkedIn 
 * has Easy Apply Button 

./logs/29-Dec-21 16:35:57::__main__::INFO::Clicking the EASY apply button
./logs/29-Dec-21 16:36:09::__main__::INFO::Could not complete submission
./logs/29-Dec-21 16:36:11::__main__::INFO::
Position 3:
 (1) Full Stack Engineer | Hiresigma | LinkedIn 
 * has Easy Apply Button 

./logs/29-Dec-21 16:36:26::__main__::INFO::Clicking the EASY apply button
./logs/29-Dec-21 16:36:48::__main__::INFO::Could not complete submission
./logs/29-Dec-21 16:36:50::__main__::INFO::
Position 4:
 (2) Senior iOS Engineer | Influencer Platform | LTK (formerly rewardStyle & LIKEtoKNOW.it) | LinkedIn 
 * has Easy Apply Button 

./logs/29-Dec-21 16:37:05::__main__::INFO::Clicking the EASY apply button
./logs/29-Dec-21 16:37:17::__main__::INFO::Could not complete submission
./logs/29-Dec-21 16:37:20::__main__::INFO::
Position 5:
 (2) Application Engineer | AAA-The Auto Club Group | LinkedIn 
 * has Easy Apply Button 

./logs/29-Dec-21 16:37:35::__main__::INFO::Clicking the EASY apply button
./logs/29-Dec-21 16:37:48::__main__::INFO::Application Submitted
./logs/29-Dec-21 16:37:50::__main__::INFO::
Position 6:
 (2) Technical Field Engineer | Lucas James Talent Partners | LinkedIn 
 * has Easy Apply Button 

./logs/29-Dec-21 16:38:06::__main__::INFO::Clicking the EASY apply button
./logs/29-Dec-21 16:38:19::__main__::INFO::Could not complete submission
./logs/29-Dec-21 16:38:21::__main__::INFO::
Position 7:
 (2) Senior Software Engineer | Tattle | LinkedIn 
 * has Easy Apply Button 

./logs/29-Dec-21 16:38:36::__main__::INFO::Clicking the EASY apply button
./logs/29-Dec-21 16:38:48::__main__::INFO::Could not complete submission
./logs/29-Dec-21 16:38:50::__main__::INFO::
Position 8:
 (4) Cloud Security Engineer (100% Remote) (W2 only) | Noblesoft Solutions | LinkedIn 
 * has Easy Apply Button 

./logs/29-Dec-21 16:39:06::__main__::INFO::Clicking the EASY apply button
./logs/29-Dec-21 16:39:22::__main__::INFO::Application Submitted
./logs/29-Dec-21 16:39:25::__main__::INFO::
Position 9:
 (11) Data Engineer | GalaxE.Solutions | LinkedIn 
 * has Easy Apply Button 

./logs/29-Dec-21 16:39:40::__main__::INFO::Clicking the EASY apply button
./logs/29-Dec-21 16:39:52::__main__::INFO::Could not complete submission
./logs/29-Dec-21 16:39:54::__main__::INFO::
Position 10:
 (11) Senior System Software Engineer | Insight Global | LinkedIn 
 * has Easy Apply Button 

./logs/29-Dec-21 16:40:09::__main__::INFO::Clicking the EASY apply button
./logs/29-Dec-21 16:40:26::__main__::INFO::Application Submitted
./logs/29-Dec-21 16:40:28::__main__::INFO::
Position 11:
 (11) Desarrollador de back-end | Spilba | LinkedIn 
 * has Easy Apply Button 

./logs/29-Dec-21 16:40:44::__main__::INFO::Clicking the EASY apply button
./logs/29-Dec-21 16:40:54::__main__::INFO::Application Submitted
./logs/29-Dec-21 16:40:55::__main__::INFO::
Position 12:
 (11) Data Engineer | Vaco | LinkedIn 
 * has Easy Apply Button 

./logs/29-Dec-21 16:41:11::__main__::INFO::Clicking the EASY apply button
./logs/29-Dec-21 16:41:23::__main__::INFO::Could not complete submission
./logs/29-Dec-21 16:41:25::__main__::INFO::
Position 13:
 (11) Field Service Engineer - Tampa, FL | Packsize | LinkedIn 
 * has Easy Apply Button 

./logs/29-Dec-21 16:41:40::__main__::INFO::Clicking the EASY apply button
./logs/29-Dec-21 16:41:51::__main__::INFO::Application Submitted
./logs/29-Dec-21 16:41:52::__main__::INFO::
Position 14:
 (11) AWS Engineer DevOps/Infrastructure | Perficient | LinkedIn 
 * has Easy Apply Button 

./logs/29-Dec-21 16:41:52::__main__::INFO::****************************************


                        Going to next jobs page, YEAAAHHH!!
                        ****************************************


./logs/29-Dec-21 16:42:02::__main__::INFO::Lock avoided.
./logs/29-Dec-21 16:42:22::__main__::INFO::591.0 minutes left in this search
./logs/29-Dec-21 16:42:22::__main__::DEBUG::Sleeping for 4.3
./logs/29-Dec-21 16:43:05::__main__::INFO::Clicking the EASY apply button
./logs/29-Dec-21 16:43:17::__main__::INFO::Could not complete submission
./logs/29-Dec-21 16:43:18::__main__::INFO::
Position 26:
 (11) Field Application Engineer | Future Electronics | LinkedIn 
 * has Easy Apply Button 

./logs/29-Dec-21 16:43:34::__main__::INFO::Clicking the EASY apply button
./logs/29-Dec-21 16:43:43::__main__::INFO::Application Submitted
./logs/29-Dec-21 16:43:45::__main__::INFO::
Position 27:
 (11) AWS Engineer DevOps/Infrastructure | Perficient | LinkedIn 
 * has Easy Apply Button 

./logs/29-Dec-21 16:44:00::__main__::INFO::Clicking the EASY apply button
./logs/29-Dec-21 16:44:06::__main__::INFO::Could not complete submission
./logs/29-Dec-21 16:44:08::__main__::INFO::
Position 28:
 (11) Software Support Engineer | Eaton | LinkedIn 
 * has Easy Apply Button 

./logs/29-Dec-21 16:44:22::__main__::INFO::The button does not exist.
./logs/29-Dec-21 16:44:22::__main__::INFO::
Position 29:
 (11) Software Engineer | eGain Corporation | LinkedIn 
 * Doesn't have Easy Apply Button 

./logs/29-Dec-21 16:44:35::__main__::INFO::The button does not exist.
./logs/29-Dec-21 16:44:35::__main__::INFO::
Position 30:
 (11) DevOps Engineer | Imperium Data | LinkedIn 
 * Doesn't have Easy Apply Button 

./logs/29-Dec-21 16:44:48::__main__::INFO::The button does not exist.
./logs/29-Dec-21 16:44:48::__main__::INFO::
Position 31:
 (11) Cyber Threat Engineer (SOAR) | Raymond James | LinkedIn 
 * Doesn't have Easy Apply Button 

./logs/29-Dec-21 16:45:01::__main__::INFO::The button does not exist.
./logs/29-Dec-21 16:45:01::__main__::INFO::
Position 32:
 (11) Back-end Engineer (Drupal) | Vaco | LinkedIn 
 * Doesn't have Easy Apply Button 

./logs/29-Dec-21 16:45:16::__main__::INFO::The button does not exist.
./logs/29-Dec-21 16:45:16::__main__::INFO::
Position 33:
 (11) UXUI Engineer | BST Global | LinkedIn 
 * Doesn't have Easy Apply Button 

./logs/29-Dec-21 16:45:29::__main__::INFO::The button does not exist.
./logs/29-Dec-21 16:45:29::__main__::INFO::
Position 34:
 (11) Network Engineer | CCS Global Tech | LinkedIn 
 * Doesn't have Easy Apply Button 

./logs/29-Dec-21 16:45:42::__main__::INFO::The button does not exist.
./logs/29-Dec-21 16:45:42::__main__::INFO::
Position 35:
 (11) Cloud Engineer | SMCI | LinkedIn 
 * Doesn't have Easy Apply Button 

./logs/29-Dec-21 16:45:55::__main__::INFO::The button does not exist.
./logs/29-Dec-21 16:45:55::__main__::INFO::
Position 36:
 (11) Senior Software Engineer | cove | LinkedIn 
 * Doesn't have Easy Apply Button 

./logs/29-Dec-21 16:46:08::__main__::INFO::The button does not exist.
./logs/29-Dec-21 16:46:08::__main__::INFO::
Position 37:
 (11) Full Stack Software Engineer for Construction Robotics | Toggle Industries | LinkedIn 
 * Doesn't have Easy Apply Button 

./logs/29-Dec-21 16:46:22::__main__::INFO::The button does not exist.
./logs/29-Dec-21 16:46:22::__main__::INFO::
Position 38:
 (11) Full Stack Engineer | ReignMarkconsultingservices | LinkedIn 
 * Doesn't have Easy Apply Button 

./logs/29-Dec-21 16:46:35::__main__::INFO::The button does not exist.
./logs/29-Dec-21 16:46:35::__main__::INFO::
Position 39:
 (11) DevOps Engineer | Telepathy Labs | LinkedIn 
 * Doesn't have Easy Apply Button 

./logs/29-Dec-21 16:46:48::__main__::INFO::The button does not exist.
./logs/29-Dec-21 16:46:48::__main__::INFO::
Position 40:
 (11) Staff iOS Engineer | Consumer Platform | LTK (formerly rewardStyle & LIKEtoKNOW.it) | LinkedIn 
 * Doesn't have Easy Apply Button 

./logs/29-Dec-21 16:47:01::__main__::INFO::The button does not exist.
./logs/29-Dec-21 16:47:01::__main__::INFO::
Position 41:
 (11) Software Engineer | SkyBridge Resources | LinkedIn 
 * Doesn't have Easy Apply Button 

./logs/29-Dec-21 16:47:14::__main__::INFO::The button does not exist.
./logs/29-Dec-21 16:47:14::__main__::INFO::
Position 42:
 (11) Senior Full Stack Engineer | HuntSource | LinkedIn 
 * Doesn't have Easy Apply Button 

./logs/29-Dec-21 16:47:29::__main__::INFO::The button does not exist.
./logs/29-Dec-21 16:47:29::__main__::INFO::
Position 43:
 (11) Solutions Engineer | Tom Sawyer Software | LinkedIn 
 * Doesn't have Easy Apply Button 

./logs/29-Dec-21 16:47:29::__main__::INFO::****************************************


                        Going to next jobs page, YEAAAHHH!!
                        ****************************************


./logs/29-Dec-21 16:47:38::__main__::INFO::Lock avoided.
./logs/29-Dec-21 16:47:59::__main__::INFO::585.0 minutes left in this search
./logs/29-Dec-21 16:47:59::__main__::DEBUG::Sleeping for 4.5
./logs/29-Dec-21 16:48:39::__main__::INFO::The button does not exist.
./logs/29-Dec-21 16:48:39::__main__::INFO::
Position 51:
 (11) MongoDB Engineer | Perficient | LinkedIn 
 * Doesn't have Easy Apply Button 

./logs/29-Dec-21 16:48:53::__main__::INFO::The button does not exist.
./logs/29-Dec-21 16:48:53::__main__::INFO::
Position 52:
 (11) Software Engineer Finance & Accounting | BST Global | LinkedIn 
 * Doesn't have Easy Apply Button 

./logs/29-Dec-21 16:49:06::__main__::INFO::The button does not exist.
./logs/29-Dec-21 16:49:06::__main__::INFO::
Position 53:
 (11) Sr. Software Engineer | TradePMR | LinkedIn 
 * Doesn't have Easy Apply Button 

./logs/29-Dec-21 16:49:19::__main__::INFO::The button does not exist.
./logs/29-Dec-21 16:49:19::__main__::INFO::
Position 54:
 (11) Enterprise Sales Engineer | Sumo Logic | LinkedIn 
 * Doesn't have Easy Apply Button 

./logs/29-Dec-21 16:49:32::__main__::INFO::The button does not exist.
./logs/29-Dec-21 16:49:32::__main__::INFO::
Position 55:
 (11) Software Engineer | Diverse Lynx | LinkedIn 
 * Doesn't have Easy Apply Button 

./logs/29-Dec-21 16:49:45::__main__::INFO::The button does not exist.
./logs/29-Dec-21 16:49:45::__main__::INFO::
Position 56:
 (11) Senior Software Development Engineer - Image Planning & Capture Job title is “Senior Software Development Engineer - Image Planning & Capture” | EagleView | LinkedIn 
 * Doesn't have Easy Apply Button 

./logs/29-Dec-21 16:49:58::__main__::INFO::The button does not exist.
./logs/29-Dec-21 16:49:58::__main__::INFO::
Position 57:
 (11) Cloud Engineer | SMCI | LinkedIn 
 * Doesn't have Easy Apply Button 

./logs/29-Dec-21 16:49:58::__main__::INFO::****************************************


                        Going to next jobs page, YEAAAHHH!!
                        ****************************************


./logs/29-Dec-21 16:50:06::__main__::INFO::Lock avoided.
./logs/29-Dec-21 16:50:26::__main__::INFO::583.0 minutes left in this search
./logs/29-Dec-21 16:50:26::__main__::DEBUG::Sleeping for 4.1
./logs/29-Dec-21 16:51:05::__main__::INFO::The button does not exist.
./logs/29-Dec-21 16:51:05::__main__::INFO::
Position 76:
 (11) Electrical Controls Engineer | Liberty Personnel Services, Inc. | LinkedIn 
 * Doesn't have Easy Apply Button 

./logs/29-Dec-21 16:51:19::__main__::INFO::The button does not exist.
./logs/29-Dec-21 16:51:19::__main__::INFO::
Position 77:
 (11) Systems Test Engineer (Manufacturing) | Talently Recruiting | LinkedIn 
 * Doesn't have Easy Apply Button 

./logs/29-Dec-21 16:51:32::__main__::INFO::The button does not exist.
./logs/29-Dec-21 16:51:32::__main__::INFO::
Position 78:
 (11) Snr. Software Engineer (Node.js)(Remote) | KnowBe4 | LinkedIn 
 * Doesn't have Easy Apply Button 

./logs/29-Dec-21 16:51:45::__main__::INFO::The button does not exist.
./logs/29-Dec-21 16:51:45::__main__::INFO::
Position 79:
 (11) Data Engineer | Corporate Brokers | LinkedIn 
 * Doesn't have Easy Apply Button 

./logs/29-Dec-21 16:51:58::__main__::INFO::The button does not exist.
./logs/29-Dec-21 16:51:58::__main__::INFO::
Position 80:
 (11) Technical Lead Software Engineer | innRoad | LinkedIn 
 * Doesn't have Easy Apply Button 

./logs/29-Dec-21 16:52:11::__main__::INFO::The button does not exist.
./logs/29-Dec-21 16:52:11::__main__::INFO::
Position 81:
 (11) Transmission Engineer | Strategic Staffing Solutions | LinkedIn 
 * Doesn't have Easy Apply Button 

./logs/29-Dec-21 16:52:11::__main__::INFO::****************************************


                        Going to next jobs page, YEAAAHHH!!
                        ****************************************


./logs/29-Dec-21 16:52:19::__main__::INFO::Lock avoided.
./logs/29-Dec-21 16:52:40::__main__::INFO::581.0 minutes left in this search
./logs/29-Dec-21 16:52:40::__main__::DEBUG::Sleeping for 4.7
./logs/29-Dec-21 16:53:19::__main__::INFO::The button does not exist.
./logs/29-Dec-21 16:53:19::__main__::INFO::
Position 101:
 (11) Manufacturing Engineer II - Extrusion | Saint-Gobain Performance Plastics | LinkedIn 
 * Doesn't have Easy Apply Button 

./logs/29-Dec-21 16:53:32::__main__::INFO::The button does not exist.
./logs/29-Dec-21 16:53:32::__main__::INFO::
Position 102:
 (11) Telecom Network Engineer | Signature Consultants | LinkedIn 
 * Doesn't have Easy Apply Button 

./logs/29-Dec-21 16:53:46::__main__::INFO::The button does not exist.
./logs/29-Dec-21 16:53:46::__main__::INFO::
Position 103:
 (11) Network Security Engineer | Raymond James | LinkedIn 
 * Doesn't have Easy Apply Button 

./logs/29-Dec-21 16:53:59::__main__::INFO::The button does not exist.
./logs/29-Dec-21 16:53:59::__main__::INFO::
Position 104:
 (11) Project Engineer | Get Green NOI | LinkedIn 
 * Doesn't have Easy Apply Button 

./logs/29-Dec-21 16:54:12::__main__::INFO::The button does not exist.
./logs/29-Dec-21 16:54:12::__main__::INFO::
Position 105:
 (11) Full Stack Engineer | Robert Half | LinkedIn 
 * Doesn't have Easy Apply Button 

./logs/29-Dec-21 16:54:25::__main__::INFO::The button does not exist.
./logs/29-Dec-21 16:54:25::__main__::INFO::
Position 106:
 (11) Android Developer | Russell Tobin | LinkedIn 
 * Doesn't have Easy Apply Button 

./logs/29-Dec-21 16:54:25::__main__::INFO::****************************************


                        Going to next jobs page, YEAAAHHH!!
                        ****************************************


./logs/29-Dec-21 16:54:33::__main__::INFO::Lock avoided.
./logs/29-Dec-21 16:54:53::__main__::INFO::578.0 minutes left in this search
./logs/29-Dec-21 16:54:53::__main__::DEBUG::Sleeping for 4.6
./logs/29-Dec-21 16:55:33::__main__::INFO::The button does not exist.
./logs/29-Dec-21 16:55:33::__main__::INFO::
Position 126:
 (11) Sr. DevOps Engineer | ReliaQuest | LinkedIn 
 * Doesn't have Easy Apply Button 

./logs/29-Dec-21 16:55:46::__main__::INFO::The button does not exist.
./logs/29-Dec-21 16:55:46::__main__::INFO::
Position 127:
 (11) Lead Power Electronics Engineer | Jabil | LinkedIn 
 * Doesn't have Easy Apply Button 

./logs/29-Dec-21 16:55:59::__main__::INFO::The button does not exist.
./logs/29-Dec-21 16:55:59::__main__::INFO::
Position 128:
 (11) Mechanical Engineer | Futures Consulting, LLC | LinkedIn 
 * Doesn't have Easy Apply Button 

./logs/29-Dec-21 16:56:13::__main__::INFO::The button does not exist.
./logs/29-Dec-21 16:56:13::__main__::INFO::
Position 129:
 (11) Sales Engineer (Remote - Existing Clearance Required) | Immersive Wisdom | LinkedIn 
 * Doesn't have Easy Apply Button 

./logs/29-Dec-21 16:56:27::__main__::INFO::The button does not exist.
./logs/29-Dec-21 16:56:27::__main__::INFO::
Position 130:
 (11) Sr. Software Engineer | Drake Software | LinkedIn 
 * Doesn't have Easy Apply Button 

./logs/29-Dec-21 16:56:41::__main__::INFO::The button does not exist.
./logs/29-Dec-21 16:56:41::__main__::INFO::
Position 131:
 (11) Process Engineer - Phosphate plants | Protech Solutions | LinkedIn 
 * Doesn't have Easy Apply Button 

./logs/29-Dec-21 16:56:41::__main__::INFO::****************************************


                        Going to next jobs page, YEAAAHHH!!
                        ****************************************


./logs/29-Dec-21 16:56:50::__main__::INFO::Lock avoided.
./logs/29-Dec-21 16:57:10::__main__::INFO::576.0 minutes left in this search
./logs/29-Dec-21 16:57:10::__main__::DEBUG::Sleeping for 4.6
./logs/29-Dec-21 16:57:51::__main__::INFO::The button does not exist.
./logs/29-Dec-21 16:57:51::__main__::INFO::
Position 151:
 (11) Er. staff cloud software engineer | Swago | LinkedIn 
 * Doesn't have Easy Apply Button 

./logs/29-Dec-21 16:58:05::__main__::INFO::The button does not exist.
./logs/29-Dec-21 16:58:05::__main__::INFO::
Position 152:
 (11) Process Safety Engineer 109.21LH | CPS, Inc. | LinkedIn 
 * Doesn't have Easy Apply Button 

./logs/29-Dec-21 16:58:19::__main__::INFO::The button does not exist.
./logs/29-Dec-21 16:58:19::__main__::INFO::
Position 153:
 (11) Structural Engineer | American Integrity Insurance Company | LinkedIn 
 * Doesn't have Easy Apply Button 

./logs/29-Dec-21 16:58:33::__main__::INFO::The button does not exist.
./logs/29-Dec-21 16:58:33::__main__::INFO::
Position 154:
 (11) .Net Architect/Sr. Engineer | Vaco | LinkedIn 
 * Doesn't have Easy Apply Button 

./logs/29-Dec-21 16:58:47::__main__::INFO::The button does not exist.
./logs/29-Dec-21 16:58:47::__main__::INFO::
Position 155:
 (11) Project Engineer, Entry Level New Product Design | Paragon Water Systems Inc | LinkedIn 
 * Doesn't have Easy Apply Button 

./logs/29-Dec-21 16:59:01::__main__::INFO::The button does not exist.
./logs/29-Dec-21 16:59:01::__main__::INFO::
Position 156:
 (11) Senior Full Stack Web Application Engineer | Brimar Industries | LinkedIn 
 * Doesn't have Easy Apply Button 

./logs/29-Dec-21 16:59:01::__main__::INFO::****************************************


                        Going to next jobs page, YEAAAHHH!!
                        ****************************************


./logs/29-Dec-21 16:59:10::__main__::INFO::Lock avoided.
./logs/29-Dec-21 16:59:31::__main__::INFO::574.0 minutes left in this search
./logs/29-Dec-21 16:59:31::__main__::DEBUG::Sleeping for 3.8
./logs/29-Dec-21 17:00:11::__main__::INFO::The button does not exist.
./logs/29-Dec-21 17:00:11::__main__::INFO::
Position 176:
 (11) Dev Experience Engineer, Engineering Acceleration | Reify Health | LinkedIn 
 * Doesn't have Easy Apply Button 

./logs/29-Dec-21 17:00:26::__main__::INFO::The button does not exist.
./logs/29-Dec-21 17:00:26::__main__::INFO::
Position 177:
 (11) Sr. Full Stack Software Engineer | Eliassen Group | LinkedIn 
 * Doesn't have Easy Apply Button 

./logs/29-Dec-21 17:00:40::__main__::INFO::The button does not exist.
./logs/29-Dec-21 17:00:40::__main__::INFO::
Position 178:
 (11) Senior Software Engineer | Cuely | LinkedIn 
 * Doesn't have Easy Apply Button 

./logs/29-Dec-21 17:00:55::__main__::INFO::The button does not exist.
./logs/29-Dec-21 17:00:55::__main__::INFO::
Position 179:
 (11) Senior Software Engineer | intely.io | LinkedIn 
 * Doesn't have Easy Apply Button 

./logs/29-Dec-21 17:01:09::__main__::INFO::The button does not exist.
./logs/29-Dec-21 17:01:09::__main__::INFO::
Position 180:
 (11) Senior Rust Software Engineer | InfinyOn Inc. | LinkedIn 
 * Doesn't have Easy Apply Button 

./logs/29-Dec-21 17:01:22::__main__::INFO::The button does not exist.
./logs/29-Dec-21 17:01:22::__main__::INFO::
Position 181:
 (11) Senior Full-stack Engineer - Javascript | Reach Platform | LinkedIn 
 * Doesn't have Easy Apply Button 

./logs/29-Dec-21 17:01:22::__main__::INFO::****************************************


                        Going to next jobs page, YEAAAHHH!!
                        ****************************************


./logs/29-Dec-21 17:01:31::__main__::INFO::Lock avoided.
./logs/29-Dec-21 17:01:51::__main__::INFO::571.0 minutes left in this search
./logs/29-Dec-21 17:01:51::__main__::DEBUG::Sleeping for 3.8
./logs/29-Dec-21 17:02:30::__main__::INFO::The button does not exist.
./logs/29-Dec-21 17:02:30::__main__::INFO::
Position 201:
 (11) Sr. Staff Cloud Software Engineer | Swago | LinkedIn 
 * Doesn't have Easy Apply Button 

./logs/29-Dec-21 17:02:44::__main__::INFO::The button does not exist.
./logs/29-Dec-21 17:02:44::__main__::INFO::
Position 202:
 (11) Sr. Staff Cloud Software Engineer | Swago | LinkedIn 
 * Doesn't have Easy Apply Button 

./logs/29-Dec-21 17:02:58::__main__::INFO::The button does not exist.
./logs/29-Dec-21 17:02:58::__main__::INFO::
Position 203:
 (11) Lead Demo Team Engineer | Sureify | LinkedIn 
 * Doesn't have Easy Apply Button 

./logs/29-Dec-21 17:03:12::__main__::INFO::The button does not exist.
./logs/29-Dec-21 17:03:12::__main__::INFO::
Position 204:
 (11) Sr. Staff Cloud Software Engineer | Swago | LinkedIn 
 * Doesn't have Easy Apply Button 

./logs/29-Dec-21 17:03:26::__main__::INFO::The button does not exist.
./logs/29-Dec-21 17:03:26::__main__::INFO::
Position 205:
 (11) Software Deconstruction Engineer aka. Infosec Consultant | Carve Systems, an iVision company | LinkedIn 
 * Doesn't have Easy Apply Button 

./logs/29-Dec-21 17:03:40::__main__::INFO::The button does not exist.
./logs/29-Dec-21 17:03:40::__main__::INFO::
Position 206:
 (11) Sr. Staff Cloud Software Engineer | Swago | LinkedIn 
 * Doesn't have Easy Apply Button 

./logs/29-Dec-21 17:03:40::__main__::INFO::****************************************


                        Going to next jobs page, YEAAAHHH!!
                        ****************************************


./logs/29-Dec-21 17:03:48::__main__::INFO::Lock avoided.
./logs/29-Dec-21 17:04:09::__main__::INFO::569.0 minutes left in this search
./logs/29-Dec-21 17:04:09::__main__::DEBUG::Sleeping for 4.3
./logs/29-Dec-21 17:04:49::__main__::INFO::The button does not exist.
./logs/29-Dec-21 17:04:49::__main__::INFO::
Position 226:
 (11) Cloud Site Reliability Engineer I | Seller Labs | LinkedIn 
 * Doesn't have Easy Apply Button 

./logs/29-Dec-21 17:05:04::__main__::INFO::The button does not exist.
./logs/29-Dec-21 17:05:04::__main__::INFO::
Position 227:
 (11) Senior Software Engineer | Akerna Corp. | LinkedIn 
 * Doesn't have Easy Apply Button 

./logs/29-Dec-21 17:05:18::__main__::INFO::The button does not exist.
./logs/29-Dec-21 17:05:18::__main__::INFO::
Position 228:
 (11) Software Engineer | TEKsystems | LinkedIn 
 * Doesn't have Easy Apply Button 

./logs/29-Dec-21 17:05:33::__main__::INFO::The button does not exist.
./logs/29-Dec-21 17:05:33::__main__::INFO::
Position 229:
 (11) Senior Web Developer | AccountingSuite | LinkedIn 
 * Doesn't have Easy Apply Button 

./logs/29-Dec-21 17:05:48::__main__::INFO::The button does not exist.
./logs/29-Dec-21 17:05:48::__main__::INFO::
Position 230:
 (11) Java Developer | RIT Solutions, Inc. | LinkedIn 
 * Doesn't have Easy Apply Button 

./logs/29-Dec-21 17:06:01::__main__::INFO::The button does not exist.
./logs/29-Dec-21 17:06:01::__main__::INFO::
Position 231:
 (11) .NET Developer | Motion Recruitment | LinkedIn 
 * Doesn't have Easy Apply Button 

./logs/29-Dec-21 17:06:15::__main__::INFO::The button does not exist.
./logs/29-Dec-21 17:06:15::__main__::INFO::
Position 232:
 (11) Senior Full Stack UI Engineer | Gardner Resources Consulting, LLC | LinkedIn 
 * Doesn't have Easy Apply Button 

./logs/29-Dec-21 17:06:15::__main__::INFO::****************************************


                        Going to next jobs page, YEAAAHHH!!
                        ****************************************


./logs/29-Dec-21 17:06:24::__main__::INFO::Lock avoided.
./logs/29-Dec-21 17:06:47::__main__::INFO::567.0 minutes left in this search
./logs/29-Dec-21 17:06:47::__main__::DEBUG::Sleeping for 3.7
./logs/29-Dec-21 17:07:33::__main__::INFO::Clicking the EASY apply button
./logs/29-Dec-21 17:07:43::__main__::INFO::Application Submitted
./logs/29-Dec-21 17:07:46::__main__::INFO::
Position 251:
 (9) Full Stack Engineer | Rematic Tokens | LinkedIn 
 * has Easy Apply Button 

./logs/29-Dec-21 17:08:02::__main__::INFO::Clicking the EASY apply button
./logs/29-Dec-21 17:08:12::__main__::INFO::Application Submitted
./logs/29-Dec-21 17:08:14::__main__::INFO::
Position 252:
 (9) Senior staff cloud software engineer | Swago | LinkedIn 
 * has Easy Apply Button 

./logs/29-Dec-21 17:08:30::__main__::INFO::Clicking the EASY apply button
./logs/29-Dec-21 17:08:46::__main__::INFO::Application Submitted
./logs/29-Dec-21 17:08:47::__main__::INFO::
Position 253:
 (9) Full Stack Engineer | TRUGLOBAL SOFTWARE INDIA PRIVATE LIMITED | LinkedIn 
 * has Easy Apply Button 

./logs/29-Dec-21 17:08:47::__main__::INFO::********count_application: 20************


                                    Time for a nap - see you in:8 min
                                ****************************************


./logs/29-Dec-21 17:17:42::__main__::INFO::Clicking the EASY apply button
./logs/29-Dec-21 17:17:56::__main__::INFO::Could not complete submission
./logs/29-Dec-21 17:17:58::__main__::INFO::
Position 254:
 (9) Big Data Engineer | Klap6 Technologies | LinkedIn 
 * has Easy Apply Button 

./logs/29-Dec-21 17:18:14::__main__::INFO::Clicking the EASY apply button
./logs/29-Dec-21 17:18:32::__main__::INFO::Application Submitted
./logs/29-Dec-21 17:18:34::__main__::INFO::
Position 255:
 (9) Senior Full Stack Engineer | Zaddy Solutions | LinkedIn 
 * has Easy Apply Button 

./logs/29-Dec-21 17:18:49::__main__::INFO::Clicking the EASY apply button
./logs/29-Dec-21 17:19:02::__main__::INFO::Could not complete submission
./logs/29-Dec-21 17:19:04::__main__::INFO::
Position 256:
 (9) Senior Software Engineer | firstPRO 360 | LinkedIn 
 * has Easy Apply Button 

./logs/29-Dec-21 17:19:20::__main__::INFO::Clicking the EASY apply button
./logs/29-Dec-21 17:19:35::__main__::INFO::Application Submitted
./logs/29-Dec-21 17:19:37::__main__::INFO::
Position 257:
 (9) Java Software Engineer | FD Technologies | LinkedIn 
 * has Easy Apply Button 

./logs/29-Dec-21 17:19:53::__main__::INFO::Clicking the EASY apply button
./logs/29-Dec-21 17:20:06::__main__::INFO::Could not complete submission
./logs/29-Dec-21 17:20:08::__main__::INFO::
Position 258:
 (9) Software Engineer | Ambition | LinkedIn 
 * has Easy Apply Button 

./logs/29-Dec-21 17:23:40::__main__::INFO::The button does not exist.
./logs/29-Dec-21 17:23:40::__main__::INFO::
Position 259:
 (9) Systems Engineer - DNS | NetActuate | LinkedIn 
 * Doesn't have Easy Apply Button 

./logs/29-Dec-21 17:24:06::__main__::INFO::Clicking the EASY apply button
./logs/29-Dec-21 17:24:17::__main__::INFO::Application Submitted
./logs/29-Dec-21 17:24:19::__main__::INFO::
Position 260:
 (9) Senior Staff Cloud Software Engineer | Swago | LinkedIn 
 * has Easy Apply Button 

./logs/29-Dec-21 17:24:35::__main__::INFO::Clicking the EASY apply button
./logs/29-Dec-21 17:24:47::__main__::INFO::Could not complete submission
./logs/29-Dec-21 17:24:49::__main__::INFO::
Position 261:
 (9) Senior Java Software Engineer | Pikemann | LinkedIn 
 * has Easy Apply Button 

./logs/29-Dec-21 17:25:04::__main__::INFO::Clicking the EASY apply button
./logs/29-Dec-21 17:25:18::__main__::INFO::Application Submitted
./logs/29-Dec-21 17:25:20::__main__::INFO::
Position 262:
 (9) Senior Software Engineer | Alltrue | LinkedIn 
 * has Easy Apply Button 

./logs/29-Dec-21 17:25:36::__main__::INFO::Clicking the EASY apply button
./logs/29-Dec-21 17:25:46::__main__::INFO::Application Submitted
./logs/29-Dec-21 17:25:48::__main__::INFO::
Position 263:
 (9) Lead Engineer | VaultLink | LinkedIn 
 * has Easy Apply Button 

./logs/29-Dec-21 17:26:03::__main__::INFO::Clicking the EASY apply button
./logs/29-Dec-21 17:26:19::__main__::INFO::Application Submitted
./logs/29-Dec-21 17:27:01::__main__::INFO::
Position 264:
 (9) Senior Software Engineer | battleface | LinkedIn 
 * has Easy Apply Button 

./logs/29-Dec-21 17:27:28::__main__::INFO::Clicking the EASY apply button
./logs/29-Dec-21 17:27:40::__main__::INFO::Could not complete submission
./logs/29-Dec-21 17:27:42::__main__::INFO::
Position 265:
 (9) Senior Software Engineer | Insight Global | LinkedIn 
 * has Easy Apply Button 

./logs/29-Dec-21 17:27:58::__main__::INFO::Clicking the EASY apply button
./logs/29-Dec-21 17:28:07::__main__::INFO::Application Submitted
./logs/29-Dec-21 17:28:09::__main__::INFO::
Position 266:
 (9) Solutions Sales Engineer | IDEA HELIX | LinkedIn 
 * has Easy Apply Button 

./logs/29-Dec-21 17:28:26::__main__::INFO::Clicking the EASY apply button
./logs/29-Dec-21 17:28:36::__main__::INFO::Application Submitted
./logs/29-Dec-21 17:28:38::__main__::INFO::
Position 267:
 (9) Sr staff cloud software engineer | Swago | LinkedIn 
 * has Easy Apply Button 

./logs/29-Dec-21 17:28:54::__main__::INFO::Clicking the EASY apply button
./logs/29-Dec-21 17:29:07::__main__::INFO::Could not complete submission
./logs/29-Dec-21 17:29:09::__main__::INFO::
Position 268:
 (9) Senior .Net Software Engineer | SJV Data Solutions | LinkedIn 
 * has Easy Apply Button 

./logs/29-Dec-21 17:29:09::__main__::INFO::****************************************


                        Going to next jobs page, YEAAAHHH!!
                        ****************************************


./logs/29-Dec-21 17:29:22::__main__::INFO::Lock avoided.
./logs/29-Dec-21 17:29:43::__main__::INFO::544.0 minutes left in this search
./logs/29-Dec-21 17:29:43::__main__::DEBUG::Sleeping for 4.3
./logs/29-Dec-21 17:30:27::__main__::INFO::Clicking the EASY apply button
./logs/29-Dec-21 17:30:37::__main__::INFO::Application Submitted
./logs/29-Dec-21 17:30:39::__main__::INFO::
Position 276:
 (9) Sr. Software Engineer @ Consumer Facing Mental Wellness Product Company | Integrity Power Search | LinkedIn 
 * has Easy Apply Button 

./logs/29-Dec-21 17:30:55::__main__::INFO::Clicking the EASY apply button
./logs/29-Dec-21 17:31:08::__main__::INFO::Could not complete submission
./logs/29-Dec-21 17:31:09::__main__::INFO::
Position 277:
 (9) Full Stack Software Engineer | IDR, Inc. | LinkedIn 
 * has Easy Apply Button 

./logs/29-Dec-21 17:31:25::__main__::INFO::Clicking the EASY apply button
./logs/29-Dec-21 17:31:43::__main__::INFO::Application Submitted
./logs/29-Dec-21 17:31:45::__main__::INFO::
Position 278:
 (9) Solutions Engineer | DRUM Associates | LinkedIn 
 * has Easy Apply Button 

./logs/29-Dec-21 17:32:00::__main__::INFO::Clicking the EASY apply button
./logs/29-Dec-21 17:32:12::__main__::INFO::Could not complete submission
./logs/29-Dec-21 17:32:14::__main__::INFO::
Position 279:
 (9) Full Stack Engineer (Open edX) | VincentBenjamin | LinkedIn 
 * has Easy Apply Button 

./logs/29-Dec-21 17:32:30::__main__::INFO::Clicking the EASY apply button
./logs/29-Dec-21 17:32:42::__main__::INFO::Could not complete submission
./logs/29-Dec-21 17:32:44::__main__::INFO::
Position 280:
 (9) Java Software Engineer | Apex Systems | LinkedIn 
 * has Easy Apply Button 

./logs/29-Dec-21 17:33:01::__main__::INFO::Clicking the EASY apply button
./logs/29-Dec-21 17:33:18::__main__::INFO::Application Submitted
./logs/29-Dec-21 17:33:19::__main__::INFO::
Position 281:
 (9) Senior Java Software Engineer | Scalene Works INC | LinkedIn 
 * has Easy Apply Button 

./logs/29-Dec-21 17:33:19::__main__::INFO::********count_application: 40************


                                    Time for a nap - see you in:14 min
                                ****************************************


