./logs/31-Dec-21 09:50:07::__main__::INFO::{'positions': ['Data Scientist', 'Software Engineer', 'Junior Software Developer', 'Blockchain Engineer', 'React Engineer', 'SaaS Intern', 'Blockchain Developer', 'Engineer', 'Full Stack', None, None], 'locations': ['Remote', 'Tampa Florida', None], 'Resume': '/Users/jonathangan/Desktop/Jons-Computer-Engineering-Resume.pdf', 'Cover Letter': '/Users/jonathangan/Desktop/2022CoverLetter.pdf', 'Photo': '/Users/jonathangan/Desktop/profilepic.jpg', 'blacklist': ['CyberCoders', 'Jobot']}
./logs/31-Dec-21 09:50:07::__main__::INFO::Welcome to Easy Apply Bot
./logs/31-Dec-21 09:50:07::__main__::INFO::current directory is : /Users/jonathangan/Desktop/LinkedIn-Easy-Apply-Bot
./logs/31-Dec-21 09:50:07::__main__::INFO::213 jobIDs found
./logs/31-Dec-21 09:50:07::__main__::INFO::Logging in.....Please wait :)  
./logs/31-Dec-21 09:50:39::__main__::INFO::Applying to Blockchain Engineer: Remote
./logs/31-Dec-21 09:50:39::__main__::INFO::Looking for jobs.. Please wait..
./logs/31-Dec-21 09:50:48::__main__::INFO::Lock avoided.
./logs/31-Dec-21 09:51:08::__main__::INFO::Looking for jobs.. Please wait..
./logs/31-Dec-21 09:51:08::__main__::INFO::599.0 minutes left in this search
./logs/31-Dec-21 09:51:08::__main__::DEBUG::Sleeping for 4.3
./logs/31-Dec-21 09:51:51::__main__::INFO::Clicking the EASY apply button
./logs/31-Dec-21 09:52:03::__main__::INFO::Could not complete submission
./logs/31-Dec-21 09:52:05::__main__::INFO::
Position 1:
 (38) Senior Blockchain Engineer - Smart Contract / Solidity | Austin Werner Ltd | LinkedIn 
 * has Easy Apply Button 

./logs/31-Dec-21 09:52:21::__main__::INFO::Clicking the EASY apply button
./logs/31-Dec-21 09:52:34::__main__::INFO::Could not complete submission
./logs/31-Dec-21 09:52:37::__main__::INFO::
Position 2:
 (38) Full Stack Java Developer | TEKWISSEN ® | LinkedIn 
 * has Easy Apply Button 

./logs/31-Dec-21 09:52:52::__main__::INFO::Clicking the EASY apply button
./logs/31-Dec-21 09:53:05::__main__::INFO::Could not complete submission
./logs/31-Dec-21 09:53:06::__main__::INFO::
Position 3:
 (38) Web Developer (P2E/Blockchain/NFT gaming) | PlanetQuest | LinkedIn 
 * has Easy Apply Button 

./logs/31-Dec-21 09:56:02::__main__::INFO::The button does not exist.
./logs/31-Dec-21 09:56:02::__main__::INFO::
Position 4:
 (38) Full Stack Engineer | The ACI Group | LinkedIn 
 * Doesn't have Easy Apply Button 

./logs/31-Dec-21 09:56:40::__main__::INFO::Clicking the EASY apply button
./logs/31-Dec-21 09:56:50::__main__::INFO::Application Submitted
./logs/31-Dec-21 09:56:52::__main__::INFO::
Position 5:
 (38) Full Stack Developer | Spruce InfoTech, Inc | LinkedIn 
 * has Easy Apply Button 

./logs/31-Dec-21 09:57:07::__main__::INFO::Clicking the EASY apply button
./logs/31-Dec-21 09:57:17::__main__::INFO::Application Submitted
./logs/31-Dec-21 09:57:19::__main__::INFO::
Position 6:
 (38) Full-stack Developer | Spruce InfoTech, Inc | LinkedIn 
 * has Easy Apply Button 

./logs/31-Dec-21 09:57:33::__main__::INFO::Clicking the EASY apply button
./logs/31-Dec-21 09:57:45::__main__::INFO::Could not complete submission
./logs/31-Dec-21 09:57:47::__main__::INFO::
Position 7:
 (38) Full Stack Engineer | BeYouID | LinkedIn 
 * has Easy Apply Button 

./logs/31-Dec-21 09:58:01::__main__::INFO::Clicking the EASY apply button
./logs/31-Dec-21 09:58:19::__main__::INFO::Application Submitted
./logs/31-Dec-21 09:58:21::__main__::INFO::
Position 8:
 (38) Lead Blockchain Engineer | Concept Art House | LinkedIn 
 * has Easy Apply Button 

./logs/31-Dec-21 09:58:35::__main__::INFO::Clicking the EASY apply button
./logs/31-Dec-21 09:58:46::__main__::INFO::Could not complete submission
./logs/31-Dec-21 09:58:48::__main__::INFO::
Position 9:
 (38) Senior Full-Stack Engineer | Shop Ditto | LinkedIn 
 * has Easy Apply Button 

./logs/31-Dec-21 09:59:03::__main__::INFO::Clicking the EASY apply button
./logs/31-Dec-21 09:59:15::__main__::INFO::Could not complete submission
./logs/31-Dec-21 09:59:16::__main__::INFO::
Position 10:
 (38) Full stack UI Developer (React/Node /Java script) | WhizTech Consulting | LinkedIn 
 * has Easy Apply Button 

./logs/31-Dec-21 09:59:30::__main__::INFO::Clicking the EASY apply button
./logs/31-Dec-21 09:59:40::__main__::INFO::Application Submitted
./logs/31-Dec-21 09:59:42::__main__::INFO::
Position 11:
 (38) Java Full stack Developer | KTek Resourcing | LinkedIn 
 * has Easy Apply Button 

./logs/31-Dec-21 09:59:55::__main__::INFO::Clicking the EASY apply button
./logs/31-Dec-21 10:00:06::__main__::INFO::Could not complete submission
./logs/31-Dec-21 10:00:07::__main__::INFO::
Position 12:
 (38) Blockchain Engineer (Node.js) - Global Fintech Startup | Crypto.com | LinkedIn 
 * has Easy Apply Button 

./logs/31-Dec-21 10:00:21::__main__::INFO::Clicking the EASY apply button
./logs/31-Dec-21 10:00:37::__main__::INFO::Application Submitted
./logs/31-Dec-21 10:00:39::__main__::INFO::
Position 13:
 (38) Full Stack Engineer | Fork Bison | LinkedIn 
 * has Easy Apply Button 

./logs/31-Dec-21 10:00:54::__main__::INFO::Clicking the EASY apply button
./logs/31-Dec-21 10:01:06::__main__::INFO::Could not complete submission
./logs/31-Dec-21 10:01:09::__main__::INFO::
Position 14:
 (38) Full stack java Developer | KTek Resourcing | LinkedIn 
 * has Easy Apply Button 

./logs/31-Dec-21 10:01:24::__main__::INFO::The button does not exist.
./logs/31-Dec-21 10:01:24::__main__::INFO::
Position 15:
 (38) Mobile /Web Full Stack React and React Native Software Developer | FYX Gaming | LinkedIn 
 * Doesn't have Easy Apply Button 

./logs/31-Dec-21 10:01:38::__main__::INFO::Clicking the EASY apply button
./logs/31-Dec-21 10:01:51::__main__::INFO::Could not complete submission
./logs/31-Dec-21 10:01:53::__main__::INFO::
Position 16:
 (38) Sr. Blockchain Engineer | Sila | LinkedIn 
 * has Easy Apply Button 

./logs/31-Dec-21 10:02:07::__main__::INFO::Clicking the EASY apply button
./logs/31-Dec-21 10:02:17::__main__::INFO::Application Submitted
./logs/31-Dec-21 10:02:19::__main__::INFO::
Position 17:
 (38) Full Stack Engineer | Stratosphere Digital | LinkedIn 
 * has Easy Apply Button 

./logs/31-Dec-21 10:02:19::__main__::INFO::****************************************


                        Going to next jobs page, YEAAAHHH!!
                        ****************************************


./logs/31-Dec-21 10:02:28::__main__::INFO::Lock avoided.
./logs/31-Dec-21 10:02:48::__main__::INFO::587.0 minutes left in this search
./logs/31-Dec-21 10:02:48::__main__::DEBUG::Sleeping for 4.3
./logs/31-Dec-21 10:03:29::__main__::INFO::Clicking the EASY apply button
./logs/31-Dec-21 10:03:39::__main__::INFO::Application Submitted
./logs/31-Dec-21 10:03:41::__main__::INFO::
Position 26:
 (38) Java Fullstack Lead Developer | MWIDM Inc. | LinkedIn 
 * has Easy Apply Button 

./logs/31-Dec-21 10:03:55::__main__::INFO::Clicking the EASY apply button
./logs/31-Dec-21 10:04:05::__main__::INFO::Application Submitted
./logs/31-Dec-21 10:04:07::__main__::INFO::
Position 27:
 (38) java full stack developer | Infinity Quest | LinkedIn 
 * has Easy Apply Button 

./logs/31-Dec-21 10:04:21::__main__::INFO::Clicking the EASY apply button
./logs/31-Dec-21 10:04:37::__main__::INFO::Application Submitted
./logs/31-Dec-21 10:04:39::__main__::INFO::
Position 28:
 (38) Web Developer | Sunergi | LinkedIn 
 * has Easy Apply Button 

./logs/31-Dec-21 10:04:54::__main__::INFO::Clicking the EASY apply button
./logs/31-Dec-21 10:05:08::__main__::INFO::Application Submitted
./logs/31-Dec-21 10:05:11::__main__::INFO::
Position 29:
 (38) Golang/Blockchain Engineer | Pastel Network | LinkedIn 
 * has Easy Apply Button 

./logs/31-Dec-21 10:05:25::__main__::INFO::Clicking the EASY apply button
./logs/31-Dec-21 10:05:35::__main__::INFO::Could not complete submission
./logs/31-Dec-21 10:05:37::__main__::INFO::
Position 30:
 (38) Senior Blockchain Engineer (Remote) | Arpeggi Labs | LinkedIn 
 * has Easy Apply Button 

./logs/31-Dec-21 10:05:37::__main__::INFO::********count_application: 20************


                                    Time for a nap - see you in: 13 min
                                ****************************************


./logs/31-Dec-21 10:23:04::__main__::INFO::Clicking the EASY apply button
./logs/31-Dec-21 10:23:16::__main__::INFO::Could not complete submission
./logs/31-Dec-21 10:23:18::__main__::INFO::
Position 31:
 (38) Java Full Stack Developer | First Soft Solutions | LinkedIn 
 * has Easy Apply Button 

./logs/31-Dec-21 10:23:32::__main__::INFO::Clicking the EASY apply button
./logs/31-Dec-21 10:23:41::__main__::INFO::Application Submitted
./logs/31-Dec-21 10:23:44::__main__::INFO::
Position 32:
 (38) Full-stack Developer | KTek Resourcing | LinkedIn 
 * has Easy Apply Button 

./logs/31-Dec-21 10:23:57::__main__::INFO::Clicking the EASY apply button
./logs/31-Dec-21 10:24:07::__main__::INFO::Application Submitted
./logs/31-Dec-21 10:24:09::__main__::INFO::
Position 33:
 (38) Blockchain Developer | NETWORKER | LinkedIn 
 * has Easy Apply Button 

./logs/31-Dec-21 10:24:23::__main__::INFO::Clicking the EASY apply button
./logs/31-Dec-21 10:24:39::__main__::INFO::Application Submitted
./logs/31-Dec-21 10:24:41::__main__::INFO::
Position 34:
 (38) java Full stack Engineer with (Banking or Finance) | Cloudious LLC | LinkedIn 
 * has Easy Apply Button 

./logs/31-Dec-21 10:24:55::__main__::INFO::Clicking the EASY apply button
./logs/31-Dec-21 10:25:13::__main__::INFO::Application Submitted
./logs/31-Dec-21 10:25:16::__main__::INFO::
Position 35:
 (38) Java Full Stack Developer - Urgent | Datasoft Global LLC | LinkedIn 
 * has Easy Apply Button 

./logs/31-Dec-21 10:25:30::__main__::INFO::Clicking the EASY apply button
./logs/31-Dec-21 10:25:43::__main__::INFO::Could not complete submission
./logs/31-Dec-21 10:25:45::__main__::INFO::
Position 36:
 (38) Blockchain Developer | Gallop | LinkedIn 
 * has Easy Apply Button 

./logs/31-Dec-21 10:25:58::__main__::INFO::Clicking the EASY apply button
./logs/31-Dec-21 10:26:09::__main__::INFO::Could not complete submission
./logs/31-Dec-21 10:26:11::__main__::INFO::
Position 37:
 (38) Back End Developer | Zing! | LinkedIn 
 * has Easy Apply Button 

./logs/31-Dec-21 10:26:25::__main__::INFO::Clicking the EASY apply button
./logs/31-Dec-21 10:26:44::__main__::INFO::Application Submitted
./logs/31-Dec-21 10:26:46::__main__::INFO::
Position 38:
 (39) Back End Developer | Jefferson Frank | LinkedIn 
 * has Easy Apply Button 

./logs/31-Dec-21 10:27:00::__main__::INFO::Clicking the EASY apply button
./logs/31-Dec-21 10:27:16::__main__::INFO::Application Submitted
./logs/31-Dec-21 10:27:19::__main__::INFO::
Position 39:
 (39) Java Full stack Developer | Sathya Sai Corporation | LinkedIn 
 * has Easy Apply Button 

./logs/31-Dec-21 10:27:19::__main__::INFO::****************************************


                        Going to next jobs page, YEAAAHHH!!
                        ****************************************


./logs/31-Dec-21 10:27:28::__main__::INFO::Lock avoided.
./logs/31-Dec-21 10:27:48::__main__::INFO::562.0 minutes left in this search
./logs/31-Dec-21 10:27:48::__main__::DEBUG::Sleeping for 4.7
./logs/31-Dec-21 10:28:29::__main__::INFO::Clicking the EASY apply button
./logs/31-Dec-21 10:28:41::__main__::INFO::Could not complete submission
./logs/31-Dec-21 10:28:43::__main__::INFO::
Position 51:
 (39) Full Stack Developer (Python) | Capro Consulting LLC | LinkedIn 
 * has Easy Apply Button 

./logs/31-Dec-21 10:28:58::__main__::INFO::Clicking the EASY apply button
./logs/31-Dec-21 10:29:09::__main__::INFO::Could not complete submission
./logs/31-Dec-21 10:29:11::__main__::INFO::
Position 52:
 (39) Blockchain Developer | Odiin | LinkedIn 
 * has Easy Apply Button 

./logs/31-Dec-21 10:29:25::__main__::INFO::Clicking the EASY apply button
./logs/31-Dec-21 10:29:37::__main__::INFO::Could not complete submission
./logs/31-Dec-21 10:29:40::__main__::INFO::
Position 53:
 (39) Ruby on Rails Developer -(Full Stack) | Accede LLC | LinkedIn 
 * has Easy Apply Button 

./logs/31-Dec-21 10:29:54::__main__::INFO::Clicking the EASY apply button
./logs/31-Dec-21 10:30:05::__main__::INFO::Could not complete submission
./logs/31-Dec-21 10:30:07::__main__::INFO::
Position 54:
 (39) Back End Developer | Bryllyant | LinkedIn 
 * has Easy Apply Button 

./logs/31-Dec-21 10:30:21::__main__::INFO::Clicking the EASY apply button
./logs/31-Dec-21 10:30:36::__main__::INFO::Application Submitted
./logs/31-Dec-21 10:30:37::__main__::INFO::
Position 55:
 (39) Blockchain Developer | SkyeKiwi | LinkedIn 
 * has Easy Apply Button 

./logs/31-Dec-21 10:30:52::__main__::INFO::Clicking the EASY apply button
./logs/31-Dec-21 10:31:11::__main__::INFO::Application Submitted
./logs/31-Dec-21 10:31:13::__main__::INFO::
Position 56:
 (39) Full Stack Engineer | TEKsystems | LinkedIn 
 * has Easy Apply Button 

./logs/31-Dec-21 10:31:26::__main__::INFO::Clicking the EASY apply button
./logs/31-Dec-21 10:31:38::__main__::INFO::Could not complete submission
./logs/31-Dec-21 10:31:41::__main__::INFO::
Position 57:
 (39) Full Stack Engineer | Telecommunication Solutions Group, Inc | LinkedIn 
 * has Easy Apply Button 

./logs/31-Dec-21 10:31:54::__main__::INFO::Clicking the EASY apply button
./logs/31-Dec-21 10:32:05::__main__::INFO::Could not complete submission
./logs/31-Dec-21 10:32:07::__main__::INFO::
Position 58:
 (39) Full-Stack Software Engineer | UpRoar Technologies | LinkedIn 
 * has Easy Apply Button 

./logs/31-Dec-21 10:32:21::__main__::INFO::Clicking the EASY apply button
./logs/31-Dec-21 10:32:32::__main__::INFO::Could not complete submission
./logs/31-Dec-21 10:32:34::__main__::INFO::
Position 59:
 (39) Back-End Software Engineer | UpRoar Technologies | LinkedIn 
 * has Easy Apply Button 

./logs/31-Dec-21 10:32:34::__main__::INFO::****************************************


                        Going to next jobs page, YEAAAHHH!!
                        ****************************************


./logs/31-Dec-21 10:32:44::__main__::INFO::Lock avoided.
./logs/31-Dec-21 10:33:04::__main__::INFO::557.0 minutes left in this search
./logs/31-Dec-21 10:33:04::__main__::DEBUG::Sleeping for 3.6
./logs/31-Dec-21 10:33:45::__main__::INFO::Clicking the EASY apply button
./logs/31-Dec-21 10:33:56::__main__::INFO::Could not complete submission
./logs/31-Dec-21 10:33:57::__main__::INFO::
Position 76:
 (39) Java Full Stack Developer | Accede LLC | LinkedIn 
 * has Easy Apply Button 

./logs/31-Dec-21 10:34:11::__main__::INFO::Clicking the EASY apply button
./logs/31-Dec-21 10:34:22::__main__::INFO::Could not complete submission
./logs/31-Dec-21 10:34:24::__main__::INFO::
Position 77:
 (39) Full Stack Java Developer | Applicantz | LinkedIn 
 * has Easy Apply Button 

./logs/31-Dec-21 10:34:24::__main__::INFO::********count_application: 40************


                                    Time for a nap - see you in: 12 min
                                ****************************************


./logs/31-Dec-21 11:39:22::__main__::INFO::The button does not exist.
./logs/31-Dec-21 11:39:22::__main__::INFO::
Position 78:
 (41) Web Developer | Twik | LinkedIn 
 * Doesn't have Easy Apply Button 

./logs/31-Dec-21 11:39:22::__main__::INFO::********count_application: 40************


                                    Time for a nap - see you in: 8 min
                                ****************************************


./logs/31-Dec-21 11:53:07::__main__::INFO::Clicking the EASY apply button
./logs/31-Dec-21 11:53:20::__main__::INFO::Could not complete submission
./logs/31-Dec-21 11:53:22::__main__::INFO::
Position 79:
 (41) React / Web 3 Developer | Sombra | LinkedIn 
 * has Easy Apply Button 

./logs/31-Dec-21 11:53:36::__main__::INFO::Clicking the EASY apply button
./logs/31-Dec-21 11:53:51::__main__::INFO::Application Submitted
./logs/31-Dec-21 11:53:53::__main__::INFO::
Position 80:
 (41) Lead Backend Engineer | Stealth Startup | LinkedIn 
 * has Easy Apply Button 

./logs/31-Dec-21 11:54:06::__main__::INFO::Clicking the EASY apply button
./logs/31-Dec-21 11:54:16::__main__::INFO::Application Submitted
./logs/31-Dec-21 11:54:18::__main__::INFO::
Position 81:
 (41) Back End Developer | Stealth Mode Startup Company | LinkedIn 
 * has Easy Apply Button 

./logs/31-Dec-21 11:54:32::__main__::INFO::Clicking the EASY apply button
./logs/31-Dec-21 11:54:43::__main__::INFO::Could not complete submission
./logs/31-Dec-21 11:54:46::__main__::INFO::
Position 82:
 (41) Full Stack J2EE Developer To $150,000 | LifeQuotes.com | LinkedIn 
 * has Easy Apply Button 

./logs/31-Dec-21 11:54:59::__main__::INFO::Clicking the EASY apply button
./logs/31-Dec-21 11:55:14::__main__::INFO::Application Submitted
./logs/31-Dec-21 11:55:17::__main__::INFO::
Position 83:
 (41) Offensive Security Engineer | Netvrk | LinkedIn 
 * has Easy Apply Button 

./logs/31-Dec-21 11:55:17::__main__::INFO::****************************************


                        Going to next jobs page, YEAAAHHH!!
                        ****************************************


./logs/31-Dec-21 11:55:26::__main__::INFO::Lock avoided.
./logs/31-Dec-21 12:17:10::__main__::INFO::453.0 minutes left in this search
./logs/31-Dec-21 12:17:10::__main__::DEBUG::Sleeping for 4.2
./logs/31-Dec-21 12:22:14::__main__::INFO::The button does not exist.
./logs/31-Dec-21 12:22:14::__main__::INFO::
Position 101:
 (41) Blockchain / Solidity Developer | Netvrk | LinkedIn 
 * Doesn't have Easy Apply Button 

./logs/31-Dec-21 12:22:28::__main__::INFO::The button does not exist.
./logs/31-Dec-21 12:22:28::__main__::INFO::
Position 102:
 (41) Elixir back end developer Developer (Remote) | e2w consulting llc | LinkedIn 
 * Doesn't have Easy Apply Button 

./logs/31-Dec-21 13:09:51::__main__::INFO::400.0 minutes left in this search
./logs/31-Dec-21 13:09:51::__main__::DEBUG::Sleeping for 4.4
